#
# A fatal error has been detected by the Java Runtime Environment:
#
#  EXCEPTION_UNCAUGHT_CXX_EXCEPTION (0xe06d7363) at pc=0x00007ffb2163ba99, pid=12596, tid=3712
#
# JRE version: OpenJDK Runtime Environment Temurin-21.0.3+9 (21.0.3+9) (build 21.0.3+9-LTS)
# Java VM: OpenJDK 64-Bit Server VM Temurin-21.0.3+9 (21.0.3+9-LTS, mixed mode, sharing, tiered, compressed oops, compressed class ptrs, g1 gc, windows-amd64)
# Problematic frame:
# C  [KERNELBASE.dll+0x2ba99]
#
# No core dump will be written. Minidumps are not enabled by default on client versions of Windows
#
# If you would like to submit a bug report, please visit:
#   https://github.com/adoptium/adoptium-support/issues
# The crash happened outside the Java Virtual Machine in native code.
# See problematic frame for where to report the bug.
#

---------------  S U M M A R Y ------------

Command Line: -Dlogback.level.org.optaplanner=INFO 

Host: Intel(R) Core(TM) i5-6300U CPU @ 2.40GHz, 4 cores, 7G,  Windows 10 , 64 bit Build 19041 (10.0.19041.3636)
Time: Wed Jun  5 23:35:17 2024 Maroc (heure d’été) elapsed time: 4.984874 seconds (0d 0h 0m 4s)

---------------  T H R E A D  ---------------

Current thread (0x000002625408c820):  JavaThread "main"             [_thread_in_native, id=3712, stack(0x000000914f200000,0x000000914f3f0000) (1984K)]

Stack: [0x000000914f200000,0x000000914f3f0000],  sp=0x000000914f3e6c70,  free space=1947k
Native frames: (J=compiled Java code, j=interpreted, Vv=VM code, C=native code)
C  [KERNELBASE.dll+0x2ba99]
C  [VCRUNTIME140_1.dll+0x27b3]
C  [ntdll.dll+0xa17e6]
C  [_jpype.cp311-win_amd64.pyd+0x3c655]
C  [_jpype.cp311-win_amd64.pyd+0x3ced2]
C  [_jpype.cp311-win_amd64.pyd+0x2be1b]
C  0x000002626481ce4b

The last pc belongs to native method entry point (kind = native) (printed below).
Java frames: (J=compiled Java code, j=interpreted, Vv=VM code)
j  org.jpype.manager.TypeFactoryNative.newWrapper(JJ)V+0
j  org.jpype.JPypeContext.newWrapper(J)V+16
v  ~StubRoutines::call_stub 0x000002626481100d

siginfo: EXCEPTION_UNCAUGHT_CXX_EXCEPTION (0xe06d7363), ExceptionInformation=0x0000000019930520 0x000000914f3e90e8 0x00007ffb15c990e8 0x00007ffb15c30000 


Registers:
RAX=0x000000914f3e7324, RBX=0x000000914f3e8730, RCX=0x0000026253ff4b70, RDX=0x0000e98f00000001
RSP=0x000000914f3e6c70, RBP=0x000000914f3e7350, RSI=0x000000914f3e8f80, RDI=0x000000914f3e7af0
R8 =0x0000026253ff4b70, R9 =0x00000000000003d8, R10=0x000000000000000d, R11=0x000000914f3e7330
R12=0x0000000000000000, R13=0x000000914f3e6dd8, R14=0x000000914f3e7af0, R15=0x000000914f3e7c58
RIP=0x00007ffb2163ba99, EFLAGS=0x0000000000000202


Register to memory mapping:

RAX=0x000000914f3e7324 is pointing into the stack for thread: 0x000002625408c820
RBX=0x000000914f3e8730 is pointing into the stack for thread: 0x000002625408c820
RCX=0x0000026253ff4b70 points into unknown readable memory: 0x0000000000000000 | 00 00 00 00 00 00 00 00
RDX=0x0000e98f00000001 is an unknown value
RSP=0x000000914f3e6c70 is pointing into the stack for thread: 0x000002625408c820
RBP=0x000000914f3e7350 is pointing into the stack for thread: 0x000002625408c820
RSI=0x000000914f3e8f80 is pointing into the stack for thread: 0x000002625408c820
RDI=0x000000914f3e7af0 is pointing into the stack for thread: 0x000002625408c820
R8 =0x0000026253ff4b70 points into unknown readable memory: 0x0000000000000000 | 00 00 00 00 00 00 00 00
R9 =0x00000000000003d8 is an unknown value
R10=0x000000000000000d is an unknown value
R11=0x000000914f3e7330 is pointing into the stack for thread: 0x000002625408c820
R12=0x0 is null
R13=0x000000914f3e6dd8 is pointing into the stack for thread: 0x000002625408c820
R14=0x000000914f3e7af0 is pointing into the stack for thread: 0x000002625408c820
R15=0x000000914f3e7c58 is pointing into the stack for thread: 0x000002625408c820

Top of Stack: (sp=0x000000914f3e6c70)
0x000000914f3e6c70:   0000009100000000 000000914f3e8730
0x000000914f3e6c80:   000000914f3e8f80 00007ffb15c4bdc1
0x000000914f3e6c90:   00000001e06d7363 0000000000000000
0x000000914f3e6ca0:   00007ffb2163ba99 0000000000000004
0x000000914f3e6cb0:   0000000019930520 000000914f3e90e8
0x000000914f3e6cc0:   00007ffb15c990e8 00007ffb15c30000
0x000000914f3e6cd0:   0000b114ae90decc 00007ffb15c80392
0x000000914f3e6ce0:   000000914f3e8730 00007ffb19c33511
0x000000914f3e6cf0:   0000009100000000 00007ffb19c38154
0x000000914f3e6d00:   00007ffaf7b982f0 00007ffaf7b982c0
0x000000914f3e6d10:   000000914f3e7af0 00007ffb19c33451
0x000000914f3e6d20:   000000914f3e8730 000000914f3e8f80
0x000000914f3e6d30:   0000057f191e14cc 00007ffaf7b982c0
0x000000914f3e6d40:   000000914f3e8730 00007ffb19c327b3
0x000000914f3e6d50:   00007ffb15c80350 000000914f3e7c58
0x000000914f3e6d60:   0000000000000100 0000000000000010
0x000000914f3e6d70:   0000026200000001 0000000000000000
0x000000914f3e6d80:   0000000000000000 0000000000000000
0x000000914f3e6d90:   0000000000000000 000000914f3e6dd8
0x000000914f3e6da0:   00007ffb15c80350 000000004f3e4700
0x000000914f3e6db0:   0000000000000000 0000000000000000
0x000000914f3e6dc0:   00007ffb15c30000 00007ffb15c30000
0x000000914f3e6dd0:   000000914f3e5bb0 000000914f3e90e8
0x000000914f3e6de0:   0000000000000000 000002625408c820
0x000000914f3e6df0:   0000026200426530 000000914f3e8020
0x000000914f3e6e00:   000000914f3e85c0 000000914f3e9180
0x000000914f3e6e10:   000000914f3e7300 000000914f3e84f0
0x000000914f3e6e20:   00007ffb15c6c655 00007ffb23ff17e6
0x000000914f3e6e30:   0000000000000000 000002620000000a
0x000000914f3e6e40:   0000026200000000 000000914f3e8f80
0x000000914f3e6e50:   000000914f3e8340 0000000000000008
0x000000914f3e6e60:   00001fa00010000f 0053002b002b0033 

Instructions: (pc=0x00007ffb2163ba99)
0x00007ffb2163b999:   09 00 48 8b 84 24 b8 00 00 00 48 8b 8c 24 b0 05
0x00007ffb2163b9a9:   00 00 48 33 cc e8 3d ac 06 00 48 81 c4 c0 05 00
0x00007ffb2163b9b9:   00 41 5f 41 5e 41 5d 5e 5b c3 cc 48 ff 15 5d 95
0x00007ffb2163b9c9:   1b 00 0f 1f 44 00 00 eb b0 cc cc cc cc cc cc cc
0x00007ffb2163b9d9:   cc cc cc cc cc cc cc 40 53 48 83 ec 30 48 8b d1
0x00007ffb2163b9e9:   48 8d 4c 24 20 e8 5d 23 00 00 85 c0 74 26 48 8b
0x00007ffb2163b9f9:   4c 24 28 e8 ef 38 00 00 48 8d 4c 24 20 8b d8 48
0x00007ffb2163ba09:   ff 15 61 8f 1b 00 0f 1f 44 00 00 8b c3 48 83 c4
0x00007ffb2163ba19:   30 5b c3 cc 83 c8 ff eb f4 cc cc cc cc cc cc cc
0x00007ffb2163ba29:   cc cc cc cc cc cc cc 48 81 ec d8 00 00 00 48 8b
0x00007ffb2163ba39:   05 62 b4 28 00 48 33 c4 48 89 84 24 c0 00 00 00
0x00007ffb2163ba49:   48 83 64 24 28 00 48 8d 05 da ff ff ff 83 e2 01
0x00007ffb2163ba59:   89 4c 24 20 89 54 24 24 48 89 44 24 30 4d 85 c9
0x00007ffb2163ba69:   74 4c b8 0f 00 00 00 48 8d 4c 24 40 44 3b c0 49
0x00007ffb2163ba79:   8b d1 44 0f 47 c0 44 89 44 24 38 49 c1 e0 03 e8
0x00007ffb2163ba89:   7a bc 08 00 48 8d 4c 24 20 48 ff 15 af 96 1b 00
0x00007ffb2163ba99:   0f 1f 44 00 00 48 8b 8c 24 c0 00 00 00 48 33 cc
0x00007ffb2163baa9:   e8 42 ab 06 00 48 81 c4 d8 00 00 00 c3 cc 83 64
0x00007ffb2163bab9:   24 38 00 eb cf cc cc cc cc cc cc cc cc cc cc cc
0x00007ffb2163bac9:   cc cc cc cc cc cc cc 65 48 8b 04 25 30 00 00 00
0x00007ffb2163bad9:   8b 40 68 c3 cc cc cc cc cc cc cc cc cc cc cc cc
0x00007ffb2163bae9:   cc cc cc cc cc cc cc 48 89 5c 24 10 48 89 74 24
0x00007ffb2163baf9:   18 57 41 54 41 55 41 56 41 57 48 81 ec b0 02 00
0x00007ffb2163bb09:   00 48 8b 05 8f b3 28 00 48 33 c4 48 89 84 24 a0
0x00007ffb2163bb19:   02 00 00 48 8d 15 9f fa 1b 00 48 85 c9 48 0f 45
0x00007ffb2163bb29:   d1 48 89 94 24 80 00 00 00 48 83 c8 ff 48 ff c0
0x00007ffb2163bb39:   80 3c 02 00 75 f7 48 ff c0 48 89 84 24 88 00 00
0x00007ffb2163bb49:   00 48 89 94 24 90 00 00 00 4c 8d 8c 24 88 00 00
0x00007ffb2163bb59:   00 33 d2 b9 06 00 01 40 44 8d 42 02 e8 c6 fe ff
0x00007ffb2163bb69:   ff e9 f0 01 00 00 33 f6 48 89 74 24 60 45 33 ff
0x00007ffb2163bb79:   4c 89 7c 24 48 45 33 f6 4c 89 74 24 58 33 ff 48
0x00007ffb2163bb89:   89 7c 24 50 e8 3e ff ff ff 89 44 24 40 48 39 35 


Stack slot to memory mapping:

stack at sp + 0 slots: 0x0000009100000000 is an unknown value
stack at sp + 1 slots: 0x000000914f3e8730 is pointing into the stack for thread: 0x000002625408c820
stack at sp + 2 slots: 0x000000914f3e8f80 is pointing into the stack for thread: 0x000002625408c820
stack at sp + 3 slots: 0x00007ffb15c4bdc1 _jpype.cp311-win_amd64.pyd
stack at sp + 4 slots: 0x00000001e06d7363 is an unknown value
stack at sp + 5 slots: 0x0 is null
stack at sp + 6 slots: 0x00007ffb2163ba99 KERNELBASE.dll
stack at sp + 7 slots: 0x0000000000000004 is an unknown value

native method entry point (kind = native)  [0x000002626481ca20, 0x000002626481d548]  2856 bytes
[MachCode]
  0x000002626481ca20: 488b 4b08 | 0fb7 492e | 584c 8d74 | ccf8 6800 | 0000 0068 | 0000 0000 | 5055 488b | ec41 5568 
  0x000002626481ca40: 0000 0000 | 4c8b 6b08 | 4d8d 6d38 | 5348 8b53 | 0848 8b52 | 0848 8b52 | 1848 8b52 | 7048 8b12 
  0x000002626481ca60: 5248 8b53 | 1048 85d2 | 0f84 0700 | 0000 4881 | c208 0100 | 0052 488b | 5308 488b | 5208 488b 
  0x000002626481ca80: 5210 5249 | 8bc6 482b | c548 c1e8 | 0350 6800 | 0000 0068 | 0000 0000 | 4889 2424 | 41c6 8779 
  0x000002626481caa0: 0400 0001 | 488b 4310 | 4885 c074 | 208b 88cc | 0000 0083 | c102 8988 | cc00 0000 | 2388 e000 
  0x000002626481cac0: 0000 0f84 | cb09 0000 | e9cf 0000 | 0048 8b43 | 1848 85c0 | 0f85 b000 | 0000 e805 | 0000 00e9 
  0x000002626481cae0: 9900 0000 | 488b d348 | 8d44 2408 | 4c89 6dc0 | 498b cfc5 | f877 4989 | afa8 0300 | 0049 8987 
  0x000002626481cb00: 9803 0000 | 4883 ec20 | 40f6 c40f | 0f84 1900 | 0000 4883 | ec08 48b8 | c010 4472 | fa7f 0000 
  0x000002626481cb20: ffd0 4883 | c408 e90c | 0000 0048 | b8c0 1044 | 72fa 7f00 | 00ff d048 | 83c4 2049 | c787 9803 
  0x000002626481cb40: 0000 0000 | 0000 49c7 | 87a8 0300 | 0000 0000 | 0049 c787 | a003 0000 | 0000 0000 | c5f8 7749 
  0x000002626481cb60: 837f 0800 | 0f84 0500 | 0000 e991 | 43ff ff4c | 8b6d c04c | 8b75 c84e | 8d74 f500 | c348 8b43 
  0x000002626481cb80: 1848 85c0 | 0f84 1200 | 0000 8b48 | 0883 c102 | 8948 0823 | 481c 0f84 | f708 0000 | 493b a7e8 
  0x000002626481cba0: 0400 000f | 8748 0000 | 0089 8424 | 00f0 ffff | 8984 2400 | e0ff ff89 | 8424 00d0 | ffff 8984 
  0x000002626481cbc0: 2400 c0ff | ff89 8424 | 00b0 ffff | 8984 2400 | a0ff ff89 | 8424 0090 | ffff 8984 | 2400 80ff 
  0x000002626481cbe0: ff49 3ba7 | e004 0000 | 7607 4989 | a7e8 0400 | 0041 c687 | 7904 0000 | 0049 ba18 | 9acf 72fa 
  0x000002626481cc00: 7f00 0041 | 803a 000f | 843e 0000 | 0048 8b55 | e849 8bcf | 4883 ec20 | 40f6 c40f | 0f84 1900 
  0x000002626481cc20: 0000 4883 | ec08 48b8 | 30f1 7972 | fa7f 0000 | ffd0 4883 | c408 e90c | 0000 0048 | b830 f179 
  0x000002626481cc40: 72fa 7f00 | 00ff d048 | 83c4 2048 | 8b5d e84c | 8b5b 0845 | 0fb7 5b2e | 41c1 e303 | 492b e348 
  0x000002626481cc60: 83ec 2048 | 83e4 f04c | 8b5b 604d | 85db 0f85 | ab00 0000 | e805 0000 | 00e9 9900 | 0000 488b 
  0x000002626481cc80: d348 8d44 | 2408 4c89 | 6dc0 498b | cfc5 f877 | 4989 afa8 | 0300 0049 | 8987 9803 | 0000 4883 
  0x000002626481cca0: ec20 40f6 | c40f 0f84 | 1900 0000 | 4883 ec08 | 48b8 a037 | 4472 fa7f | 0000 ffd0 | 4883 c408 
  0x000002626481ccc0: e90c 0000 | 0048 b8a0 | 3744 72fa | 7f00 00ff | d048 83c4 | 2049 c787 | 9803 0000 | 0000 0000 
  0x000002626481cce0: 49c7 87a8 | 0300 0000 | 0000 0049 | c787 a003 | 0000 0000 | 0000 c5f8 | 7749 837f | 0800 0f84 
  0x000002626481cd00: 0500 0000 | e9f7 41ff | ff4c 8b6d | c04c 8b75 | c84e 8d74 | f500 c348 | 8b5d e84c | 8b5b 6041 
  0x000002626481cd20: ffd3 488b | 5de8 4889 | 4518 448b | 5b28 41f6 | c308 0f84 | 1b00 0000 | 4c8b 5b08 | 4d8b 5b08 
  0x000002626481cd40: 4d8b 5b18 | 4d8b 5b70 | 4d8b 1b4c | 895d 1048 | 8d55 1048 | 8b43 5849 | ba80 467a | 72fa 7f00 
  0x000002626481cd60: 0049 3bc2 | 0f85 ab00 | 0000 e805 | 0000 00e9 | 9900 0000 | 488b d348 | 8d44 2408 | 4c89 6dc0 
  0x000002626481cd80: 498b cfc5 | f877 4989 | afa8 0300 | 0049 8987 | 9803 0000 | 4883 ec20 | 40f6 c40f | 0f84 1900 
  0x000002626481cda0: 0000 4883 | ec08 48b8 | a037 4472 | fa7f 0000 | ffd0 4883 | c408 e90c | 0000 0048 | b8a0 3744 
  0x000002626481cdc0: 72fa 7f00 | 00ff d048 | 83c4 2049 | c787 9803 | 0000 0000 | 0000 49c7 | 87a8 0300 | 0000 0000 
  0x000002626481cde0: 0049 c787 | a003 0000 | 0000 0000 | c5f8 7749 | 837f 0800 | 0f84 0500 | 0000 e901 | 41ff ff4c 
  0x000002626481ce00: 8b6d c04c | 8b75 c84e | 8d74 f500 | c348 8b5d | e848 8b43 | 5849 8d8f | b803 0000 | c5f8 7749 
  0x000002626481ce20: 89af a803 | 0000 49ba | 1cce 8164 | 6202 0000 | 4d89 97a0 | 0300 0049 | 89a7 9803 | 0000 41c7 
  0x000002626481ce40: 874c 0400 | 0004 0000 | 00ff d0c5 | f877 4883 | ec10 c5fb | 1104 2448 | 83ec 1048 | 8904 2448 
  0x000002626481ce60: c744 2408 | 0000 0000 | 41c7 874c | 0400 0005 | 0000 00f0 | 8344 24c0 | 0049 3baf | 5004 0000 
  0x000002626481ce80: 0f87 0e00 | 0000 4183 | bf48 0400 | 0000 0f84 | 2000 0000 | 498b cf4c | 8be4 4883 | ec20 4883 
  0x000002626481cea0: e4f0 48b8 | 108e 4572 | fa7f 0000 | ffd0 498b | e44d 33e4 | 41c7 874c | 0400 0008 | 0000 0049 
  0x000002626481cec0: c787 9803 | 0000 0000 | 0000 49c7 | 87a8 0300 | 0000 0000 | 0049 c787 | a003 0000 | 0000 0000 
  0x000002626481cee0: c5f8 774d | 8b9f 2804 | 0000 41c7 | 8300 0100 | 0000 0000 | 0049 bbda | a381 6462 | 0200 004c 
  0x000002626481cf00: 3b5d 180f | 8524 0200 | 0048 8b04 | 2448 83c4 | 1048 85c0 | 0f84 fe01 | 0000 a803 | 0f85 0800 
  0x000002626481cf20: 0000 488b | 00e9 ee01 | 0000 a801 | 0f85 0900 | 0000 488b | 40fe e9dd | 0100 0048 | 8b40 ff41 
  0x000002626481cf40: 807f 4000 | 0f84 ce01 | 0000 4883 | f800 0f84 | c401 0000 | 4d8b 5f28 | 4983 fb00 | 0f84 1400 
  0x000002626481cf60: 0000 4983 | eb08 4d89 | 5f28 4d03 | 5f38 4989 | 03e9 a201 | 0000 4881 | ecd0 0000 | 0048 8904 
  0x000002626481cf80: 2448 894c | 2408 4889 | 5424 1048 | 8974 2418 | 4889 7c24 | 204c 8944 | 2428 4c89 | 4c24 304c 
  0x000002626481cfa0: 8954 2438 | 4c89 5c24 | 40c5 fb11 | 4424 50c5 | fb11 4c24 | 58c5 fb11 | 5424 60c5 | fb11 5c24 
  0x000002626481cfc0: 68c5 fb11 | 6424 70c5 | fb11 6c24 | 78c5 fb11 | b424 8000 | 0000 c5fb | 11bc 2488 | 0000 00c5 
  0x000002626481cfe0: 7b11 8424 | 9000 0000 | c57b 118c | 2498 0000 | 00c5 7b11 | 9424 a000 | 0000 c57b | 119c 24a8 
  0x000002626481d000: 0000 00c5 | 7b11 a424 | b000 0000 | c57b 11ac | 24b8 0000 | 00c5 7b11 | b424 c000 | 0000 c57b 
  0x000002626481d020: 11bc 24c8 | 0000 0049 | 8bd7 488b | c848 83ec | 2040 f6c4 | 0f0f 8419 | 0000 0048 | 83ec 0848 
  0x000002626481d040: b860 f638 | 72fa 7f00 | 00ff d048 | 83c4 08e9 | 0c00 0000 | 48b8 60f6 | 3872 fa7f | 0000 ffd0 
  0x000002626481d060: 4883 c420 | c57b 10bc | 24c8 0000 | 00c5 7b10 | b424 c000 | 0000 c57b | 10ac 24b8 | 0000 00c5 
  0x000002626481d080: 7b10 a424 | b000 0000 | c57b 109c | 24a8 0000 | 00c5 7b10 | 9424 a000 | 0000 c57b | 108c 2498 
  0x000002626481d0a0: 0000 00c5 | 7b10 8424 | 9000 0000 | c5fb 10bc | 2488 0000 | 00c5 fb10 | b424 8000 | 0000 c5fb 
  0x000002626481d0c0: 106c 2478 | c5fb 1064 | 2470 c5fb | 105c 2468 | c5fb 1054 | 2460 c5fb | 104c 2458 | c5fb 1044 
  0x000002626481d0e0: 2450 4c8b | 5c24 404c | 8b54 2438 | 4c8b 4c24 | 304c 8b44 | 2428 488b | 7c24 2048 | 8b74 2418 
  0x000002626481d100: 488b 5424 | 1048 8b4c | 2408 488b | 0424 4881 | c4d0 0000 | 00c5 f877 | 4889 4510 | 4883 ec10 
  0x000002626481d120: 4889 0424 | 48c7 4424 | 0800 0000 | 0041 83bf | c804 0000 | 020f 85bf | 0000 0048 | 81ec 8000 
  0x000002626481d140: 0000 4889 | 4424 7848 | 894c 2470 | 4889 5424 | 6848 895c | 2460 4889 | 6c24 5048 | 8974 2448 
  0x000002626481d160: 4889 7c24 | 404c 8944 | 2438 4c89 | 4c24 304c | 8954 2428 | 4c89 5c24 | 204c 8964 | 2418 4c89 
  0x000002626481d180: 6c24 104c | 8974 2408 | 4c89 3c24 | 4c8b e448 | 83ec 2048 | 83e4 f048 | b810 297a | 72fa 7f00 
  0x000002626481d1a0: 00ff d049 | 8be4 4c8b | 3c24 4c8b | 7424 084c | 8b6c 2410 | 4c8b 6424 | 184c 8b5c | 2420 4c8b 
  0x000002626481d1c0: 5424 284c | 8b4c 2430 | 4c8b 4424 | 3848 8b7c | 2440 488b | 7424 4848 | 8b6c 2450 | 488b 5c24 
  0x000002626481d1e0: 6048 8b54 | 2468 488b | 4c24 7048 | 8b44 2478 | 4881 c480 | 0000 004d | 33e4 488b | 5de8 4c8b 
  0x000002626481d200: 6b08 4d8d | 6d38 4983 | 7f08 000f | 84bb 0000 | 00e8 0500 | 0000 e996 | 0000 0048 | 8d44 2408 
  0x000002626481d220: 4c89 6dc0 | 498b cfc5 | f877 4989 | afa8 0300 | 0049 8987 | 9803 0000 | 4883 ec20 | 40f6 c40f 
  0x000002626481d240: 0f84 1900 | 0000 4883 | ec08 48b8 | 4055 4472 | fa7f 0000 | ffd0 4883 | c408 e90c | 0000 0048 
  0x000002626481d260: b840 5544 | 72fa 7f00 | 00ff d048 | 83c4 2049 | c787 9803 | 0000 0000 | 0000 49c7 | 87a8 0300 
  0x000002626481d280: 0000 0000 | 0049 c787 | a003 0000 | 0000 0000 | c5f8 7749 | 837f 0800 | 0f84 0500 | 0000 e95d 
  0x000002626481d2a0: 3cff ff4c | 8b6d c04c | 8b75 c84e | 8d74 f500 | c348 b970 | e0a5 72fa | 7f00 0048 | 83e4 f048 
  0x000002626481d2c0: b860 f668 | 72fa 7f00 | 00ff d0f4 | 448b 5b28 | 41f6 c320 | 0f84 4401 | 0000 488d | 55a8 4c8b 
  0x000002626481d2e0: 5a08 4d85 | db0f 85bb | 0000 00e8 | 0500 0000 | e996 0000 | 0048 8d44 | 2408 4c89 | 6dc0 498b 
  0x000002626481d300: cfc5 f877 | 4989 afa8 | 0300 0049 | 8987 9803 | 0000 4883 | ec20 40f6 | c40f 0f84 | 1900 0000 
  0x000002626481d320: 4883 ec08 | 48b8 7054 | 4472 fa7f | 0000 ffd0 | 4883 c408 | e90c 0000 | 0048 b870 | 5444 72fa 
  0x000002626481d340: 7f00 00ff | d048 83c4 | 2049 c787 | 9803 0000 | 0000 0000 | 49c7 87a8 | 0300 0000 | 0000 0049 
  0x000002626481d360: c787 a003 | 0000 0000 | 0000 c5f8 | 7749 837f | 0800 0f84 | 0500 0000 | e983 3bff | ff4c 8b6d 
  0x000002626481d380: c04c 8b75 | c84e 8d74 | f500 c348 | b970 e0a5 | 72fa 7f00 | 0048 83e4 | f048 b860 | f668 72fa 
  0x000002626481d3a0: 7f00 00ff | d0f4 4c89 | 6dc0 488d | 024c 8b4a | 0848 c742 | 0800 0000 | 004c 8b00 | 4d85 c00f 
  0x000002626481d3c0: 840b 0000 | 00f0 4d0f | b101 0f85 | 0c00 0000 | 49ff 8f50 | 0500 00e9 | 3e00 0000 | 4c89 4a08 
  0x000002626481d3e0: 488b ca48 | 83ec 2040 | f6c4 0f0f | 8419 0000 | 0048 83ec | 0848 b890 | 2744 72fa | 7f00 00ff 
  0x000002626481d400: d048 83c4 | 08e9 0c00 | 0000 48b8 | 9027 4472 | fa7f 0000 | ffd0 4883 | c420 4c8b | 6dc0 49ba 
  0x000002626481d420: 189a cf72 | fa7f 0000 | 4180 3a00 | 0f84 3e00 | 0000 488b | 55e8 498b | cf48 83ec | 2040 f6c4 
  0x000002626481d440: 0f0f 8419 | 0000 0048 | 83ec 0848 | b830 f179 | 72fa 7f00 | 00ff d048 | 83c4 08e9 | 0c00 0000 
  0x000002626481d460: 48b8 30f1 | 7972 fa7f | 0000 ffd0 | 4883 c420 | 488b 0424 | 4883 c410 | c5fb 1004 | 2448 83c4 
  0x000002626481d480: 104c 8b5d | 1841 ffd3 | 4c8b 5df8 | c95f 498b | e3ff e7ba | 0000 0000 | e805 0000 | 00e9 9600 
  0x000002626481d4a0: 0000 488d | 4424 084c | 896d c049 | 8bcf c5f8 | 7749 89af | a803 0000 | 4989 8798 | 0300 0048 
  0x000002626481d4c0: 83ec 2040 | f6c4 0f0f | 8419 0000 | 0048 83ec | 0848 b850 | 1b44 72fa | 7f00 00ff | d048 83c4 
  0x000002626481d4e0: 08e9 0c00 | 0000 48b8 | 501b 4472 | fa7f 0000 | ffd0 4883 | c420 49c7 | 8798 0300 | 0000 0000 
  0x000002626481d500: 0049 c787 | a803 0000 | 0000 0000 | 49c7 87a0 | 0300 0000 | 0000 00c5 | f877 4983 | 7f08 000f 
  0x000002626481d520: 8405 0000 | 00e9 d639 | ffff 4c8b | 6dc0 4c8b | 75c8 4e8d | 74f5 00c3 | 488b 5de8 | e95b f6ff 
  0x000002626481d540: ff0f 1f80 | 0000 0000 
[/MachCode]

---------------  P R O C E S S  ---------------

Threads class SMR info:
_java_thread_list=0x0000026277d8af10, length=14, elements={
0x000002625408c820, 0x0000026252f51320, 0x00000262715708b0, 0x0000026271572e70,
0x00000262715744f0, 0x000002627157b320, 0x000002627157e650, 0x00000262715ab4c0,
0x00000262715b1f90, 0x000002627157dfc0, 0x000002627157c580, 0x00000262717cc940,
0x000002627157d930, 0x000002627157fa00
}

Java Threads: ( => current thread )
=>0x000002625408c820 JavaThread "main"                              [_thread_in_native, id=3712, stack(0x000000914f200000,0x000000914f3f0000) (1984K)]
  0x0000026252f51320 JavaThread "Reference Handler"          daemon [_thread_blocked, id=10708, stack(0x0000009150940000,0x0000009150b30000) (1984K)]
  0x00000262715708b0 JavaThread "Finalizer"                  daemon [_thread_blocked, id=12740, stack(0x0000009150b30000,0x0000009150d20000) (1984K)]
  0x0000026271572e70 JavaThread "Signal Dispatcher"          daemon [_thread_blocked, id=16192, stack(0x0000009150d20000,0x0000009150f10000) (1984K)]
  0x00000262715744f0 JavaThread "Attach Listener"            daemon [_thread_blocked, id=1716, stack(0x0000009150f10000,0x0000009151100000) (1984K)]
  0x000002627157b320 JavaThread "Service Thread"             daemon [_thread_blocked, id=12880, stack(0x0000009151100000,0x00000091512f0000) (1984K)]
  0x000002627157e650 JavaThread "Monitor Deflation Thread"   daemon [_thread_blocked, id=7476, stack(0x00000091512f0000,0x00000091514e0000) (1984K)]
  0x00000262715ab4c0 JavaThread "C2 CompilerThread0"         daemon [_thread_blocked, id=15632, stack(0x00000091514e0000,0x00000091516d0000) (1984K)]
  0x00000262715b1f90 JavaThread "C1 CompilerThread0"         daemon [_thread_blocked, id=15756, stack(0x00000091516d0000,0x00000091518c0000) (1984K)]
  0x000002627157dfc0 JavaThread "Notification Thread"        daemon [_thread_blocked, id=9520, stack(0x00000091518c0000,0x0000009151ab0000) (1984K)]
  0x000002627157c580 JavaThread "Common-Cleaner"             daemon [_thread_blocked, id=14200, stack(0x0000009151ab0000,0x0000009151ca0000) (1984K)]
  0x00000262717cc940 JavaThread "C2 CompilerThread1"         daemon [_thread_blocked, id=3816, stack(0x0000009151ca0000,0x0000009151e90000) (1984K)]
  0x000002627157d930 JavaThread "SIGINT handler"             daemon [_thread_blocked, id=7508, stack(0x0000009152650000,0x0000009152840000) (1984K)]
  0x000002627157fa00 JavaThread "Thread-0"                          [_thread_in_native, id=7496, stack(0x0000009152840000,0x0000009152a30000) (1984K)]
Total: 14

Other Threads:
  0x0000026252f41d10 VMThread "VM Thread"                           [id=7060, stack(0x0000009150750000,0x0000009150940000) (1984K)]
  0x0000026253d23da0 WatcherThread "VM Periodic Task Thread"        [id=14844, stack(0x0000009150560000,0x0000009150750000) (1984K)]
  0x0000026252f40e90 WorkerThread "GC Thread#0"                     [id=10116, stack(0x000000914fbb0000,0x000000914fda0000) (1984K)]
  0x0000026252f427f0 WorkerThread "GC Thread#1"                     [id=10756, stack(0x0000009152080000,0x0000009152270000) (1984K)]
  0x0000026252f40750 WorkerThread "GC Thread#2"                     [id=8788, stack(0x0000009152270000,0x0000009152460000) (1984K)]
  0x0000026252f420b0 WorkerThread "GC Thread#3"                     [id=5524, stack(0x0000009152460000,0x0000009152650000) (1984K)]
  0x0000026253f08ff0 ConcurrentGCThread "G1 Main Marker"            [id=2416, stack(0x000000914fda0000,0x000000914ff90000) (1984K)]
  0x0000026252f41970 WorkerThread "G1 Conc#0"                       [id=3492, stack(0x000000914ff90000,0x0000009150180000) (1984K)]
  0x0000026253d14490 ConcurrentGCThread "G1 Refine#0"               [id=1660, stack(0x0000009150180000,0x0000009150370000) (1984K)]
  0x0000026253f93d50 ConcurrentGCThread "G1 Service"                [id=14300, stack(0x0000009150370000,0x0000009150560000) (1984K)]
Total: 10

Threads with active compile tasks:
Total: 0

VM state: not at safepoint (normal execution)

VM Mutex/Monitor currently owned by a thread: None

Heap address: 0x0000000081c00000, size: 2020 MB, Compressed Oops mode: 32-bit

CDS archive(s) mapped at: [0x0000026200000000-0x0000026200c90000-0x0000026200c90000), size 13172736, SharedBaseAddress: 0x0000026200000000, ArchiveRelocationMode: 1.
Compressed class space mapped at: 0x0000026201000000-0x0000026241000000, reserved size: 1073741824
Narrow klass base: 0x0000026200000000, Narrow klass shift: 0, Narrow klass range: 0x100000000

GC Precious Log:
 CardTable entry size: 512
 Card Set container configuration: InlinePtr #cards 5 size 8 Array Of Cards #cards 12 size 40 Howl #buckets 4 coarsen threshold 1843 Howl Bitmap #cards 512 size 80 coarsen threshold 460 Card regions per heap region 1 cards per card region 2048
 CPUs: 4 total, 4 available
 Memory: 8072M
 Large Page Support: Disabled
 NUMA Support: Disabled
 Compressed Oops: Enabled (32-bit)
 Heap Region Size: 1M
 Heap Min Capacity: 8M
 Heap Initial Capacity: 128M
 Heap Max Capacity: 2020M
 Pre-touch: Disabled
 Parallel Workers: 4
 Concurrent Workers: 1
 Concurrent Refinement Workers: 4
 Periodic GC: Disabled

Heap:
 garbage-first heap   total 59392K, used 32333K [0x0000000081c00000, 0x0000000100000000)
  region size 1024K, 22 young (22528K), 4 survivors (4096K)
 Metaspace       used 14366K, committed 14592K, reserved 1114112K
  class space    used 2070K, committed 2176K, reserved 1048576K

Heap Regions: E=young(eden), S=young(survivor), O=old, HS=humongous(starts), HC=humongous(continues), CS=collection set, F=free, TAMS=top-at-mark-start, PB=parsable bottom
|   0|0x0000000081c00000, 0x0000000081cfdc88, 0x0000000081d00000| 99%| O|  |TAMS 0x0000000081c00000| PB 0x0000000081c00000| Untracked 
|   1|0x0000000081d00000, 0x0000000081dfff70, 0x0000000081e00000| 99%| O|  |TAMS 0x0000000081d00000| PB 0x0000000081d00000| Untracked 
|   2|0x0000000081e00000, 0x0000000081efa888, 0x0000000081f00000| 97%| O|  |TAMS 0x0000000081e00000| PB 0x0000000081e00000| Untracked 
|   3|0x0000000081f00000, 0x0000000081ffffd0, 0x0000000082000000| 99%| O|  |TAMS 0x0000000081f00000| PB 0x0000000081f00000| Untracked 
|   4|0x0000000082000000, 0x00000000820fffd8, 0x0000000082100000| 99%| O|  |TAMS 0x0000000082000000| PB 0x0000000082000000| Untracked 
|   5|0x0000000082100000, 0x00000000821f8ce8, 0x0000000082200000| 97%| O|  |TAMS 0x0000000082100000| PB 0x0000000082100000| Untracked 
|   6|0x0000000082200000, 0x00000000822ffff0, 0x0000000082300000| 99%| O|  |TAMS 0x0000000082200000| PB 0x0000000082200000| Untracked 
|   7|0x0000000082300000, 0x000000008234ed98, 0x0000000082400000| 30%| O|Cm|TAMS 0x0000000082300000| PB 0x0000000082300000| Complete 
|   8|0x0000000082400000, 0x00000000824e6ad8, 0x0000000082500000| 90%| O|  |TAMS 0x0000000082400000| PB 0x0000000082400000| Untracked 
|   9|0x0000000082500000, 0x0000000082600000, 0x0000000082600000|100%| O|  |TAMS 0x0000000082500000| PB 0x0000000082500000| Untracked 
|  10|0x0000000082600000, 0x0000000082668460, 0x0000000082700000| 40%| O|  |TAMS 0x0000000082600000| PB 0x0000000082600000| Untracked 
|  11|0x0000000082700000, 0x0000000082800000, 0x0000000082800000|100%| O|  |TAMS 0x0000000082700000| PB 0x0000000082700000| Untracked 
|  12|0x0000000082800000, 0x00000000828b1930, 0x0000000082900000| 69%| O|  |TAMS 0x0000000082800000| PB 0x0000000082800000| Untracked 
|  13|0x0000000082900000, 0x0000000082900000, 0x0000000082a00000|  0%| F|  |TAMS 0x0000000082900000| PB 0x0000000082900000| Untracked 
|  14|0x0000000082a00000, 0x0000000082a00000, 0x0000000082b00000|  0%| F|  |TAMS 0x0000000082a00000| PB 0x0000000082a00000| Untracked 
|  15|0x0000000082b00000, 0x0000000082b00000, 0x0000000082c00000|  0%| F|  |TAMS 0x0000000082b00000| PB 0x0000000082b00000| Untracked 
|  16|0x0000000082c00000, 0x0000000082c00000, 0x0000000082d00000|  0%| F|  |TAMS 0x0000000082c00000| PB 0x0000000082c00000| Untracked 
|  17|0x0000000082d00000, 0x0000000082d00000, 0x0000000082e00000|  0%| F|  |TAMS 0x0000000082d00000| PB 0x0000000082d00000| Untracked 
|  18|0x0000000082e00000, 0x0000000082e00000, 0x0000000082f00000|  0%| F|  |TAMS 0x0000000082e00000| PB 0x0000000082e00000| Untracked 
|  19|0x0000000082f00000, 0x0000000082f00000, 0x0000000083000000|  0%| F|  |TAMS 0x0000000082f00000| PB 0x0000000082f00000| Untracked 
|  20|0x0000000083000000, 0x0000000083000000, 0x0000000083100000|  0%| F|  |TAMS 0x0000000083000000| PB 0x0000000083000000| Untracked 
|  21|0x0000000083100000, 0x0000000083100000, 0x0000000083200000|  0%| F|  |TAMS 0x0000000083100000| PB 0x0000000083100000| Untracked 
|  22|0x0000000083200000, 0x0000000083200000, 0x0000000083300000|  0%| F|  |TAMS 0x0000000083200000| PB 0x0000000083200000| Untracked 
|  23|0x0000000083300000, 0x0000000083300000, 0x0000000083400000|  0%| F|  |TAMS 0x0000000083300000| PB 0x0000000083300000| Untracked 
|  24|0x0000000083400000, 0x0000000083400000, 0x0000000083500000|  0%| F|  |TAMS 0x0000000083400000| PB 0x0000000083400000| Untracked 
|  25|0x0000000083500000, 0x0000000083500000, 0x0000000083600000|  0%| F|  |TAMS 0x0000000083500000| PB 0x0000000083500000| Untracked 
|  26|0x0000000083600000, 0x0000000083600000, 0x0000000083700000|  0%| F|  |TAMS 0x0000000083600000| PB 0x0000000083600000| Untracked 
|  27|0x0000000083700000, 0x0000000083700000, 0x0000000083800000|  0%| F|  |TAMS 0x0000000083700000| PB 0x0000000083700000| Untracked 
|  28|0x0000000083800000, 0x0000000083800000, 0x0000000083900000|  0%| F|  |TAMS 0x0000000083800000| PB 0x0000000083800000| Untracked 
|  29|0x0000000083900000, 0x0000000083900000, 0x0000000083a00000|  0%| F|  |TAMS 0x0000000083900000| PB 0x0000000083900000| Untracked 
|  30|0x0000000083a00000, 0x0000000083a00000, 0x0000000083b00000|  0%| F|  |TAMS 0x0000000083a00000| PB 0x0000000083a00000| Untracked 
|  31|0x0000000083b00000, 0x0000000083b00000, 0x0000000083c00000|  0%| F|  |TAMS 0x0000000083b00000| PB 0x0000000083b00000| Untracked 
|  32|0x0000000083c00000, 0x0000000083c00000, 0x0000000083d00000|  0%| F|  |TAMS 0x0000000083c00000| PB 0x0000000083c00000| Untracked 
|  33|0x0000000083d00000, 0x0000000083d00000, 0x0000000083e00000|  0%| F|  |TAMS 0x0000000083d00000| PB 0x0000000083d00000| Untracked 
|  34|0x0000000083e00000, 0x0000000083e00000, 0x0000000083f00000|  0%| F|  |TAMS 0x0000000083e00000| PB 0x0000000083e00000| Untracked 
|  35|0x0000000083f00000, 0x0000000083f00000, 0x0000000084000000|  0%| F|  |TAMS 0x0000000083f00000| PB 0x0000000083f00000| Untracked 
|  36|0x0000000084000000, 0x0000000084100000, 0x0000000084100000|100%| E|  |TAMS 0x0000000084000000| PB 0x0000000084000000| Complete 
|  37|0x0000000084100000, 0x0000000084200000, 0x0000000084200000|100%| E|CS|TAMS 0x0000000084100000| PB 0x0000000084100000| Complete 
|  38|0x0000000084200000, 0x0000000084300000, 0x0000000084300000|100%| E|CS|TAMS 0x0000000084200000| PB 0x0000000084200000| Complete 
|  39|0x0000000084300000, 0x0000000084400000, 0x0000000084400000|100%| E|CS|TAMS 0x0000000084300000| PB 0x0000000084300000| Complete 
|  40|0x0000000084400000, 0x0000000084500000, 0x0000000084500000|100%| E|CS|TAMS 0x0000000084400000| PB 0x0000000084400000| Complete 
|  41|0x0000000084500000, 0x0000000084600000, 0x0000000084600000|100%| E|CS|TAMS 0x0000000084500000| PB 0x0000000084500000| Complete 
|  42|0x0000000084600000, 0x0000000084700000, 0x0000000084700000|100%| E|CS|TAMS 0x0000000084600000| PB 0x0000000084600000| Complete 
|  43|0x0000000084700000, 0x0000000084800000, 0x0000000084800000|100%| E|CS|TAMS 0x0000000084700000| PB 0x0000000084700000| Complete 
|  44|0x0000000084800000, 0x0000000084900000, 0x0000000084900000|100%| E|CS|TAMS 0x0000000084800000| PB 0x0000000084800000| Complete 
|  45|0x0000000084900000, 0x0000000084a00000, 0x0000000084a00000|100%| E|CS|TAMS 0x0000000084900000| PB 0x0000000084900000| Complete 
|  46|0x0000000084a00000, 0x0000000084b00000, 0x0000000084b00000|100%| E|CS|TAMS 0x0000000084a00000| PB 0x0000000084a00000| Complete 
|  47|0x0000000084b00000, 0x0000000084c00000, 0x0000000084c00000|100%| E|CS|TAMS 0x0000000084b00000| PB 0x0000000084b00000| Complete 
|  48|0x0000000084c00000, 0x0000000084d00000, 0x0000000084d00000|100%| E|CS|TAMS 0x0000000084c00000| PB 0x0000000084c00000| Complete 
|  49|0x0000000084d00000, 0x0000000084e00000, 0x0000000084e00000|100%| E|CS|TAMS 0x0000000084d00000| PB 0x0000000084d00000| Complete 
|  50|0x0000000084e00000, 0x0000000084f00000, 0x0000000084f00000|100%| E|CS|TAMS 0x0000000084e00000| PB 0x0000000084e00000| Complete 
|  51|0x0000000084f00000, 0x0000000085000000, 0x0000000085000000|100%| E|CS|TAMS 0x0000000084f00000| PB 0x0000000084f00000| Complete 
|  52|0x0000000085000000, 0x0000000085100000, 0x0000000085100000|100%| E|CS|TAMS 0x0000000085000000| PB 0x0000000085000000| Complete 
|  53|0x0000000085100000, 0x0000000085200000, 0x0000000085200000|100%| S|CS|TAMS 0x0000000085100000| PB 0x0000000085100000| Complete 
|  54|0x0000000085200000, 0x0000000085300000, 0x0000000085300000|100%| S|CS|TAMS 0x0000000085200000| PB 0x0000000085200000| Complete 
|  55|0x0000000085300000, 0x0000000085400000, 0x0000000085400000|100%| S|CS|TAMS 0x0000000085300000| PB 0x0000000085300000| Complete 
|  56|0x0000000085400000, 0x0000000085453070, 0x0000000085500000| 32%| S|CS|TAMS 0x0000000085400000| PB 0x0000000085400000| Complete 
|  77|0x0000000086900000, 0x0000000086a00000, 0x0000000086a00000|100%| E|CS|TAMS 0x0000000086900000| PB 0x0000000086900000| Complete 

Card table byte_map: [0x000002626cd10000,0x000002626d110000] _byte_map_base: 0x000002626c902000

Marking Bits: (CMBitMap*) 0x00000262540546b0
 Bits: [0x000002626d110000, 0x000002626f0a0000)

Polling page: 0x000002625d2c0000

Metaspace:

Usage:
  Non-class:     12.01 MB used.
      Class:      2.02 MB used.
       Both:     14.03 MB used.

Virtual space:
  Non-class space:       64.00 MB reserved,      12.12 MB ( 19%) committed,  1 nodes.
      Class space:        1.00 GB reserved,       2.12 MB ( <1%) committed,  1 nodes.
             Both:        1.06 GB reserved,      14.25 MB (  1%) committed. 

Chunk freelists:
   Non-Class:  3.50 MB
       Class:  13.81 MB
        Both:  17.31 MB

MaxMetaspaceSize: unlimited
CompressedClassSpaceSize: 1.00 GB
Initial GC threshold: 21.00 MB
Current GC threshold: 21.00 MB
CDS: on
 - commit_granule_bytes: 65536.
 - commit_granule_words: 8192.
 - virtual_space_node_default_size: 8388608.
 - enlarge_chunks_in_place: 1.
 - use_allocation_guard: 0.


Internal statistics:

num_allocs_failed_limit: 0.
num_arena_births: 228.
num_arena_deaths: 0.
num_vsnodes_births: 2.
num_vsnodes_deaths: 0.
num_space_committed: 228.
num_space_uncommitted: 0.
num_chunks_returned_to_freelist: 0.
num_chunks_taken_from_freelist: 696.
num_chunk_merges: 0.
num_chunk_splits: 451.
num_chunks_enlarged: 301.
num_inconsistent_stats: 0.

CodeHeap 'non-profiled nmethods': size=120000Kb used=1443Kb max_used=1443Kb free=118556Kb
 bounds [0x0000026264db0000, 0x0000026265020000, 0x000002626c2e0000]
CodeHeap 'profiled nmethods': size=120000Kb used=5924Kb max_used=5924Kb free=114076Kb
 bounds [0x000002625d2e0000, 0x000002625d8b0000, 0x0000026264810000]
CodeHeap 'non-nmethods': size=5760Kb used=1392Kb max_used=1578Kb free=4367Kb
 bounds [0x0000026264810000, 0x0000026264a80000, 0x0000026264db0000]
 total_blobs=3356 nmethods=2866 adapters=394
 compilation: enabled
              stopped_count=0, restarted_count=0
 full_count=0

Compilation events (20 events):
Event: 4.852 Thread 0x00000262715b1f90 3024       3       java.lang.invoke.DelegatingMethodHandle::<init> (10 bytes)
Event: 4.852 Thread 0x00000262715b1f90 nmethod 3024 0x000002625d8a6010 code [0x000002625d8a61e0, 0x000002625d8a65a8]
Event: 4.852 Thread 0x00000262715b1f90 3025       3       java.lang.invoke.DelegatingMethodHandle::chooseDelegatingForm (24 bytes)
Event: 4.853 Thread 0x00000262715b1f90 nmethod 3025 0x000002625d8a6710 code [0x000002625d8a68e0, 0x000002625d8a6c08]
Event: 4.867 Thread 0x00000262717cc940 nmethod 2993 0x0000026264f02390 code [0x0000026264f02a20, 0x0000026264f07458]
Event: 4.870 Thread 0x00000262717cc940 3006       4       org.objectweb.asm.tree.InsnList::accept (23 bytes)
Event: 4.872 Thread 0x00000262717cc940 nmethod 3006 0x0000026264f09910 code [0x0000026264f09aa0, 0x0000026264f09ba0]
Event: 4.872 Thread 0x00000262717cc940 3012       4       org.objectweb.asm.tree.analysis.Analyzer::findSubroutine (572 bytes)
Event: 4.893 Thread 0x00000262715b1f90 3026       3       java.util.Comparators$NaturalOrderComparator::compare (13 bytes)
Event: 4.893 Thread 0x00000262715b1f90 nmethod 3026 0x000002625d8a6d10 code [0x000002625d8a6ee0, 0x000002625d8a7330]
Event: 4.893 Thread 0x00000262715b1f90 3027       3       java.util.Comparators$NaturalOrderComparator::compare (8 bytes)
Event: 4.893 Thread 0x00000262715b1f90 nmethod 3027 0x000002625d8a7490 code [0x000002625d8a7640, 0x000002625d8a7820]
Event: 4.907 Thread 0x00000262715b1f90 3028       3       java.lang.Class::getInterfaces (6 bytes)
Event: 4.907 Thread 0x00000262715b1f90 nmethod 3028 0x000002625d8a7910 code [0x000002625d8a7ac0, 0x000002625d8a7c00]
Event: 4.934 Thread 0x00000262715b1f90 3029       3       org.jpype.manager.MethodResolution::isAssignableTo (71 bytes)
Event: 4.934 Thread 0x00000262715b1f90 nmethod 3029 0x000002625d8a7c90 code [0x000002625d8a7ea0, 0x000002625d8a84f0]
Event: 4.935 Thread 0x00000262715b1f90 3030       3       java.util.LinkedHashMap$LinkedHashIterator::<init> (47 bytes)
Event: 4.935 Thread 0x00000262715b1f90 nmethod 3030 0x000002625d8a8710 code [0x000002625d8a88c0, 0x000002625d8a8b80]
Event: 4.936 Thread 0x00000262715b1f90 3031       3       java.lang.reflect.ProxyGenerator::dotToSlash (9 bytes)
Event: 4.936 Thread 0x00000262715b1f90 nmethod 3031 0x000002625d8a8c90 code [0x000002625d8a8e40, 0x000002625d8a8f70]

GC Heap History (20 events):
Event: 1.171 GC heap before
{Heap before GC invocations=5 (full 1):
 garbage-first heap   total 75776K, used 17901K [0x0000000081c00000, 0x0000000100000000)
  region size 1024K, 14 young (14336K), 2 survivors (2048K)
 Metaspace       used 2245K, committed 2432K, reserved 1114112K
  class space    used 180K, committed 256K, reserved 1048576K
}
Event: 1.198 GC heap after
{Heap after GC invocations=6 (full 2):
 garbage-first heap   total 27648K, used 7638K [0x0000000081c00000, 0x0000000100000000)
  region size 1024K, 0 young (0K), 0 survivors (0K)
 Metaspace       used 2245K, committed 2432K, reserved 1114112K
  class space    used 180K, committed 256K, reserved 1048576K
}
Event: 1.908 GC heap before
{Heap before GC invocations=6 (full 2):
 garbage-first heap   total 27648K, used 13782K [0x0000000081c00000, 0x0000000100000000)
  region size 1024K, 7 young (7168K), 0 survivors (0K)
 Metaspace       used 2958K, committed 3200K, reserved 1114112K
  class space    used 257K, committed 384K, reserved 1048576K
}
Event: 1.928 GC heap after
{Heap after GC invocations=7 (full 3):
 garbage-first heap   total 27648K, used 9581K [0x0000000081c00000, 0x0000000100000000)
  region size 1024K, 0 young (0K), 0 survivors (0K)
 Metaspace       used 2958K, committed 3200K, reserved 1114112K
  class space    used 257K, committed 384K, reserved 1048576K
}
Event: 2.042 GC heap before
{Heap before GC invocations=7 (full 3):
 garbage-first heap   total 27648K, used 10605K [0x0000000081c00000, 0x0000000100000000)
  region size 1024K, 2 young (2048K), 0 survivors (0K)
 Metaspace       used 2981K, committed 3200K, reserved 1114112K
  class space    used 257K, committed 384K, reserved 1048576K
}
Event: 2.059 GC heap after
{Heap after GC invocations=8 (full 4):
 garbage-first heap   total 27648K, used 8982K [0x0000000081c00000, 0x0000000100000000)
  region size 1024K, 0 young (0K), 0 survivors (0K)
 Metaspace       used 2981K, committed 3200K, reserved 1114112K
  class space    used 257K, committed 384K, reserved 1048576K
}
Event: 2.143 GC heap before
{Heap before GC invocations=8 (full 4):
 garbage-first heap   total 27648K, used 8982K [0x0000000081c00000, 0x0000000100000000)
  region size 1024K, 1 young (1024K), 0 survivors (0K)
 Metaspace       used 3165K, committed 3392K, reserved 1114112K
  class space    used 273K, committed 384K, reserved 1048576K
}
Event: 2.158 GC heap after
{Heap after GC invocations=9 (full 5):
 garbage-first heap   total 27648K, used 8763K [0x0000000081c00000, 0x0000000100000000)
  region size 1024K, 0 young (0K), 0 survivors (0K)
 Metaspace       used 3165K, committed 3392K, reserved 1114112K
  class space    used 273K, committed 384K, reserved 1048576K
}
Event: 2.888 GC heap before
{Heap before GC invocations=9 (full 5):
 garbage-first heap   total 27648K, used 20027K [0x0000000081c00000, 0x0000000100000000)
  region size 1024K, 12 young (12288K), 0 survivors (0K)
 Metaspace       used 7766K, committed 8064K, reserved 1114112K
  class space    used 857K, committed 1024K, reserved 1048576K
}
Event: 2.892 GC heap after
{Heap after GC invocations=10 (full 5):
 garbage-first heap   total 27648K, used 10356K [0x0000000081c00000, 0x0000000100000000)
  region size 1024K, 2 young (2048K), 2 survivors (2048K)
 Metaspace       used 7766K, committed 8064K, reserved 1114112K
  class space    used 857K, committed 1024K, reserved 1048576K
}
Event: 3.324 GC heap before
{Heap before GC invocations=10 (full 5):
 garbage-first heap   total 27648K, used 20596K [0x0000000081c00000, 0x0000000100000000)
  region size 1024K, 12 young (12288K), 2 survivors (2048K)
 Metaspace       used 9264K, committed 9600K, reserved 1114112K
  class space    used 1057K, committed 1216K, reserved 1048576K
}
Event: 3.330 GC heap after
{Heap after GC invocations=11 (full 5):
 garbage-first heap   total 27648K, used 11071K [0x0000000081c00000, 0x0000000100000000)
  region size 1024K, 1 young (1024K), 1 survivors (1024K)
 Metaspace       used 9264K, committed 9600K, reserved 1114112K
  class space    used 1057K, committed 1216K, reserved 1048576K
}
Event: 3.632 GC heap before
{Heap before GC invocations=11 (full 5):
 garbage-first heap   total 27648K, used 21311K [0x0000000081c00000, 0x0000000100000000)
  region size 1024K, 11 young (11264K), 1 survivors (1024K)
 Metaspace       used 10118K, committed 10368K, reserved 1114112K
  class space    used 1198K, committed 1344K, reserved 1048576K
}
Event: 3.635 GC heap after
{Heap after GC invocations=12 (full 5):
 garbage-first heap   total 27648K, used 11532K [0x0000000081c00000, 0x0000000100000000)
  region size 1024K, 2 young (2048K), 2 survivors (2048K)
 Metaspace       used 10118K, committed 10368K, reserved 1114112K
  class space    used 1198K, committed 1344K, reserved 1048576K
}
Event: 3.889 GC heap before
{Heap before GC invocations=12 (full 5):
 garbage-first heap   total 27648K, used 20748K [0x0000000081c00000, 0x0000000100000000)
  region size 1024K, 11 young (11264K), 2 survivors (2048K)
 Metaspace       used 11012K, committed 11392K, reserved 1114112K
  class space    used 1381K, committed 1536K, reserved 1048576K
}
Event: 3.893 GC heap after
{Heap after GC invocations=13 (full 5):
 garbage-first heap   total 27648K, used 12192K [0x0000000081c00000, 0x0000000100000000)
  region size 1024K, 2 young (2048K), 2 survivors (2048K)
 Metaspace       used 11012K, committed 11392K, reserved 1114112K
  class space    used 1381K, committed 1536K, reserved 1048576K
}
Event: 4.034 GC heap before
{Heap before GC invocations=13 (full 5):
 garbage-first heap   total 27648K, used 20384K [0x0000000081c00000, 0x0000000100000000)
  region size 1024K, 10 young (10240K), 2 survivors (2048K)
 Metaspace       used 11444K, committed 11776K, reserved 1114112K
  class space    used 1457K, committed 1600K, reserved 1048576K
}
Event: 4.038 GC heap after
{Heap after GC invocations=14 (full 5):
 garbage-first heap   total 79872K, used 12661K [0x0000000081c00000, 0x0000000100000000)
  region size 1024K, 2 young (2048K), 2 survivors (2048K)
 Metaspace       used 11444K, committed 11776K, reserved 1114112K
  class space    used 1457K, committed 1600K, reserved 1048576K
}
Event: 4.695 GC heap before
{Heap before GC invocations=15 (full 5):
 garbage-first heap   total 55296K, used 52597K [0x0000000081c00000, 0x0000000100000000)
  region size 1024K, 41 young (41984K), 2 survivors (2048K)
 Metaspace       used 13516K, committed 13824K, reserved 1114112K
  class space    used 1900K, committed 2048K, reserved 1048576K
}
Event: 4.700 GC heap after
{Heap after GC invocations=16 (full 5):
 garbage-first heap   total 59392K, used 14925K [0x0000000081c00000, 0x0000000100000000)
  region size 1024K, 4 young (4096K), 4 survivors (4096K)
 Metaspace       used 13516K, committed 13824K, reserved 1114112K
  class space    used 1900K, committed 2048K, reserved 1048576K
}

Dll operation events (8 events):
Event: 0.008 Loaded shared library C:\Program Files\Eclipse Adoptium\jdk-21.0.3.9-hotspot\bin\java.dll
Event: 0.048 Loaded shared library C:\Program Files\Eclipse Adoptium\jdk-21.0.3.9-hotspot\bin\jsvml.dll
Event: 0.130 Loaded shared library C:\Program Files\Eclipse Adoptium\jdk-21.0.3.9-hotspot\bin\net.dll
Event: 0.132 Loaded shared library C:\Program Files\Eclipse Adoptium\jdk-21.0.3.9-hotspot\bin\nio.dll
Event: 0.136 Loaded shared library C:\Program Files\Eclipse Adoptium\jdk-21.0.3.9-hotspot\bin\zip.dll
Event: 0.379 Loaded shared library C:\Users\rajat radouane\flopedt\my_env_311\Lib\site-packages\_jpype.cp311-win_amd64.pyd
Event: 0.843 Loaded shared library C:\Program Files\Eclipse Adoptium\jdk-21.0.3.9-hotspot\bin\jimage.dll
Event: 2.398 Loaded shared library C:\Program Files\Eclipse Adoptium\jdk-21.0.3.9-hotspot\bin\verify.dll

Deoptimization events (20 events):
Event: 4.654 Thread 0x000002625408c820 DEOPT PACKING pc=0x0000026264ef39fc sp=0x000000914f3e6460
Event: 4.654 Thread 0x000002625408c820 DEOPT UNPACKING pc=0x00000262648646a2 sp=0x000000914f3e63d0 mode 2
Event: 4.655 Thread 0x000002625408c820 Uncommon trap: trap_request=0xffffffbe fr.pc=0x0000026264ef39fc relative=0x00000000000008fc
Event: 4.655 Thread 0x000002625408c820 Uncommon trap: reason=profile_predicate action=maybe_recompile pc=0x0000026264ef39fc method=org.objectweb.asm.MethodWriter.putFrame()V @ 253 c2
Event: 4.655 Thread 0x000002625408c820 DEOPT PACKING pc=0x0000026264ef39fc sp=0x000000914f3e6460
Event: 4.655 Thread 0x000002625408c820 DEOPT UNPACKING pc=0x00000262648646a2 sp=0x000000914f3e63d0 mode 2
Event: 4.656 Thread 0x000002625408c820 Uncommon trap: trap_request=0xffffffbe fr.pc=0x0000026264ef39fc relative=0x00000000000008fc
Event: 4.656 Thread 0x000002625408c820 Uncommon trap: reason=profile_predicate action=maybe_recompile pc=0x0000026264ef39fc method=org.objectweb.asm.MethodWriter.putFrame()V @ 253 c2
Event: 4.656 Thread 0x000002625408c820 DEOPT PACKING pc=0x0000026264ef39fc sp=0x000000914f3e6460
Event: 4.656 Thread 0x000002625408c820 DEOPT UNPACKING pc=0x00000262648646a2 sp=0x000000914f3e63d0 mode 2
Event: 4.750 Thread 0x000002625408c820 DEOPT PACKING pc=0x000002625d72a74f sp=0x000000914f3e6960
Event: 4.750 Thread 0x000002625408c820 DEOPT UNPACKING pc=0x0000026264864e42 sp=0x000000914f3e5df0 mode 0
Event: 4.776 Thread 0x000002625408c820 DEOPT PACKING pc=0x000002625d7c7543 sp=0x000000914f3e64c0
Event: 4.776 Thread 0x000002625408c820 DEOPT UNPACKING pc=0x0000026264864e42 sp=0x000000914f3e5948 mode 0
Event: 4.779 Thread 0x000002625408c820 DEOPT PACKING pc=0x000002625d72a74f sp=0x000000914f3e67a0
Event: 4.779 Thread 0x000002625408c820 DEOPT UNPACKING pc=0x0000026264864e42 sp=0x000000914f3e5c30 mode 0
Event: 4.811 Thread 0x000002625408c820 DEOPT PACKING pc=0x000002625d72a74f sp=0x000000914f3e67a0
Event: 4.811 Thread 0x000002625408c820 DEOPT UNPACKING pc=0x0000026264864e42 sp=0x000000914f3e5c30 mode 0
Event: 4.850 Thread 0x000002625408c820 DEOPT PACKING pc=0x000002625d7c7543 sp=0x000000914f3e6380
Event: 4.850 Thread 0x000002625408c820 DEOPT UNPACKING pc=0x0000026264864e42 sp=0x000000914f3e5808 mode 0

Classes loaded (20 events):
Event: 4.404 Loading class java/lang/System$Logger$Level
Event: 4.404 Loading class java/lang/System$Logger$Level done
Event: 4.404 Loading class jdk/internal/logger/SurrogateLogger
Event: 4.404 Loading class jdk/internal/logger/SimpleConsoleLogger
Event: 4.405 Loading class sun/util/logging/PlatformLogger$ConfigurableBridge$LoggerConfiguration
Event: 4.405 Loading class sun/util/logging/PlatformLogger$ConfigurableBridge$LoggerConfiguration done
Event: 4.405 Loading class jdk/internal/logger/SimpleConsoleLogger done
Event: 4.405 Loading class jdk/internal/logger/SurrogateLogger done
Event: 4.406 Loading class sun/util/logging/PlatformLogger
Event: 4.406 Loading class sun/util/logging/PlatformLogger done
Event: 4.406 Loading class sun/util/logging/PlatformLogger$Level
Event: 4.406 Loading class sun/util/logging/PlatformLogger$Level done
Event: 4.407 Loading class jdk/internal/event/ThreadSleepEvent
Event: 4.407 Loading class jdk/internal/event/Event
Event: 4.408 Loading class jdk/internal/event/Event done
Event: 4.408 Loading class jdk/internal/event/ThreadSleepEvent done
Event: 4.906 Loading class java/util/function/UnaryOperator
Event: 4.906 Loading class java/util/function/UnaryOperator done
Event: 4.934 Loading class java/lang/SafeVarargs
Event: 4.934 Loading class java/lang/SafeVarargs done

Classes unloaded (0 events):
No events

Classes redefined (0 events):
No events

Internal exceptions (20 events):
Event: 0.543 Thread 0x000002625408c820 Exception <a 'java/lang/IncompatibleClassChangeError'{0x00000000895701d8}: Found class java.lang.Object, but interface was expected> (0x00000000895701d8) 
thrown [s\src\hotspot\share\interpreter\linkResolver.cpp, line 840]
Event: 0.616 Thread 0x000002625408c820 Exception <a 'java/lang/NoSuchMethodError'{0x0000000089469980}: method resolution failed> (0x0000000089469980) 
thrown [s\src\hotspot\share\prims\methodHandles.cpp, line 1144]
Event: 0.619 Thread 0x000002625408c820 Exception <a 'java/lang/NoSuchMethodError'{0x00000000894730c8}: 'java.lang.Object java.lang.invoke.Invokers$Holder.invokeExact_MT(java.lang.Object, java.lang.Object, java.lang.Object, java.lang.Object, java.lang.Object)'> (0x00000000894730c8) 
thrown [s\src\hotspot\share\interpreter\linkResolver.cpp, line 773]
Event: 2.233 Thread 0x000002625408c820 Exception <a 'java/lang/NoSuchMethodError'{0x00000000836d0680}: 'java.lang.reflect.Method[] java.lang.Class.getMethods(java.lang.Class)'> (0x00000000836d0680) 
thrown [s\src\hotspot\share\interpreter\linkResolver.cpp, line 773]
Event: 2.349 Thread 0x000002625408c820 Exception <a 'java/lang/NoSuchMethodError'{0x00000000834c77d8}: 'java.lang.Object java.lang.invoke.DirectMethodHandle$Holder.invokeStaticInit(java.lang.Object, java.lang.Object, java.lang.Object, java.lang.Object)'> (0x00000000834c77d8) 
thrown [s\src\hotspot\share\interpreter\linkResolver.cpp, line 773]
Event: 2.401 Thread 0x000002625408c820 Exception <a 'java/lang/NoSuchMethodError'{0x00000000833a3498}: 'int java.lang.invoke.DirectMethodHandle$Holder.invokeInterface(java.lang.Object, java.lang.Object)'> (0x00000000833a3498) 
thrown [s\src\hotspot\share\interpreter\linkResolver.cpp, line 773]
Event: 2.407 Thread 0x000002625408c820 Exception <a 'java/lang/NoSuchMethodError'{0x00000000833ab5c0}: 'void java.lang.invoke.DirectMethodHandle$Holder.invokeStatic(java.lang.Object, java.lang.Object, java.lang.Object)'> (0x00000000833ab5c0) 
thrown [s\src\hotspot\share\interpreter\linkResolver.cpp, line 773]
Event: 2.449 Thread 0x000002625408c820 Exception <a 'java/lang/NoSuchMethodError'{0x00000000832b61a8}: 'int java.lang.invoke.DirectMethodHandle$Holder.invokeVirtual(java.lang.Object, java.lang.Object)'> (0x00000000832b61a8) 
thrown [s\src\hotspot\share\interpreter\linkResolver.cpp, line 773]
Event: 2.452 Thread 0x000002625408c820 Exception <a 'java/lang/NoSuchMethodError'{0x00000000832bfaa8}: 'java.lang.Object java.lang.invoke.Invokers$Holder.invokeExact_MT(java.lang.Object, java.lang.Object, java.lang.Object, java.lang.Object, java.lang.Object, java.lang.Object)'> (0x00000000832bfaa8) 
thrown [s\src\hotspot\share\interpreter\linkResolver.cpp, line 773]
Event: 2.588 Thread 0x000002625408c820 Exception <a 'java/lang/ClassNotFoundException'{0x00000000830b5488}: javax/smartcardio/CardPermission> (0x00000000830b5488) 
thrown [s\src\hotspot\share\classfile\systemDictionary.cpp, line 312]
Event: 2.593 Thread 0x000002625408c820 Exception <a 'java/io/FileNotFoundException'{0x00000000830c4a30}> (0x00000000830c4a30) 
thrown [s\src\hotspot\share\prims\jni.cpp, line 520]
Event: 2.720 Thread 0x000002625408c820 Exception <a 'java/lang/NoSuchMethodError'{0x0000000082e8fb88}: 'void java.lang.invoke.DirectMethodHandle$Holder.invokeSpecialIFC(java.lang.Object, java.lang.Object, java.lang.Object, java.lang.Object, java.lang.Object)'> (0x0000000082e8fb88) 
thrown [s\src\hotspot\share\interpreter\linkResolver.cpp, line 773]
Event: 2.722 Thread 0x000002625408c820 Exception <a 'java/lang/NoSuchMethodError'{0x0000000082e97190}: 'void java.lang.invoke.DirectMethodHandle$Holder.invokeStatic(java.lang.Object, java.lang.Object, java.lang.Object, java.lang.Object)'> (0x0000000082e97190) 
thrown [s\src\hotspot\share\interpreter\linkResolver.cpp, line 773]
Event: 2.750 Thread 0x000002625408c820 Exception <a 'java/lang/NoSuchMethodError'{0x0000000082d2c388}: 'java.lang.Object java.lang.invoke.DirectMethodHandle$Holder.invokeStaticInit(java.lang.Object, java.lang.Object, java.lang.Object)'> (0x0000000082d2c388) 
thrown [s\src\hotspot\share\interpreter\linkResolver.cpp, line 773]
Event: 2.805 Thread 0x000002625408c820 Exception <a 'java/lang/NoSuchMethodError'{0x0000000082c2dc50}: 'int java.lang.invoke.DirectMethodHandle$Holder.invokeVirtual(java.lang.Object, java.lang.Object, java.lang.Object, java.lang.Object)'> (0x0000000082c2dc50) 
thrown [s\src\hotspot\share\interpreter\linkResolver.cpp, line 773]
Event: 2.859 Thread 0x000002625408c820 Implicit null exception at 0x0000026264e2e3e6 to 0x0000026264e2e492
Event: 2.888 Thread 0x000002625408c820 Exception <a 'java/lang/NoSuchMethodError'{0x0000000082bfc250}: 'java.lang.Object java.lang.invoke.DirectMethodHandle$Holder.newInvokeSpecial(java.lang.Object, java.lang.Object, java.lang.Object, java.lang.Object, java.lang.Object)'> (0x0000000082bfc250) 
thrown [s\src\hotspot\share\interpreter\linkResolver.cpp, line 773]
Event: 2.902 Thread 0x000002625408c820 Exception <a 'java/lang/NoSuchMethodError'{0x00000000836222f8}: 'void java.lang.invoke.DirectMethodHandle$Holder.invokeSpecial(java.lang.Object, java.lang.Object, java.lang.Object)'> (0x00000000836222f8) 
thrown [s\src\hotspot\share\interpreter\linkResolver.cpp, line 773]
Event: 2.903 Thread 0x000002625408c820 Exception <a 'java/lang/NoSuchMethodError'{0x0000000083628f20}: 'void java.lang.invoke.Invokers$Holder.invokeExact_MT(java.lang.Object, java.lang.Object, java.lang.Object)'> (0x0000000083628f20) 
thrown [s\src\hotspot\share\interpreter\linkResolver.cpp, line 773]
Event: 2.979 Thread 0x000002625408c820 Exception <a 'java/lang/NoSuchMethodError'{0x00000000835e54d0}: 'void java.lang.invoke.DirectMethodHandle$Holder.invokeInterface(java.lang.Object, java.lang.Object, java.lang.Object)'> (0x00000000835e54d0) 
thrown [s\src\hotspot\share\interpreter\linkResolver.cpp, line 773]

ZGC Phase Switch (0 events):
No events

VM Operations (20 events):
Event: 3.067 Executing VM operation: HandshakeAllThreads (Deoptimize)
Event: 3.067 Executing VM operation: HandshakeAllThreads (Deoptimize) done
Event: 3.324 Executing VM operation: G1CollectForAllocation (G1 Evacuation Pause)
Event: 3.330 Executing VM operation: G1CollectForAllocation (G1 Evacuation Pause) done
Event: 3.632 Executing VM operation: G1CollectForAllocation (G1 Evacuation Pause)
Event: 3.635 Executing VM operation: G1CollectForAllocation (G1 Evacuation Pause) done
Event: 3.889 Executing VM operation: G1CollectForAllocation (G1 Evacuation Pause)
Event: 3.893 Executing VM operation: G1CollectForAllocation (G1 Evacuation Pause) done
Event: 4.034 Executing VM operation: G1CollectForAllocation (G1 Evacuation Pause)
Event: 4.038 Executing VM operation: G1CollectForAllocation (G1 Evacuation Pause) done
Event: 4.066 Executing VM operation: G1PauseRemark
Event: 4.070 Executing VM operation: G1PauseRemark done
Event: 4.079 Executing VM operation: G1PauseCleanup
Event: 4.080 Executing VM operation: G1PauseCleanup done
Event: 4.325 Executing VM operation: ICBufferFull
Event: 4.326 Executing VM operation: ICBufferFull done
Event: 4.414 Executing VM operation: ThreadDump
Event: 4.414 Executing VM operation: ThreadDump done
Event: 4.695 Executing VM operation: G1CollectForAllocation (G1 Evacuation Pause)
Event: 4.700 Executing VM operation: G1CollectForAllocation (G1 Evacuation Pause) done

Events (20 events):
Event: 2.051 Thread 0x0000026252f41d10 flushing nmethod 0x0000026264e1d590
Event: 2.051 Thread 0x0000026252f41d10 flushing nmethod 0x0000026264dffc10
Event: 2.051 Thread 0x0000026252f41d10 flushing nmethod 0x0000026264dfea90
Event: 2.051 Thread 0x0000026252f41d10 flushing nmethod 0x0000026264de6210
Event: 2.051 Thread 0x0000026252f41d10 flushing nmethod 0x0000026264deed90
Event: 2.051 Thread 0x0000026252f41d10 flushing nmethod 0x0000026264de1e90
Event: 2.051 Thread 0x0000026252f41d10 flushing nmethod 0x0000026264dde910
Event: 2.051 Thread 0x0000026252f41d10 flushing nmethod 0x0000026264dbed90
Event: 2.051 Thread 0x0000026252f41d10 flushing nmethod 0x0000026264db6c90
Event: 2.151 Thread 0x0000026252f41d10 flushing nmethod 0x000002625d4e4490
Event: 2.151 Thread 0x0000026252f41d10 flushing nmethod 0x000002625d46b290
Event: 2.151 Thread 0x0000026252f41d10 flushing nmethod 0x000002625d39ff90
Event: 2.151 Thread 0x0000026252f41d10 flushing nmethod 0x000002625d37ff10
Event: 2.151 Thread 0x0000026252f41d10 flushing nmethod 0x000002625d32a090
Event: 4.069 Thread 0x0000026252f41d10 flushing nmethod 0x000002625d387f90
Event: 4.069 Thread 0x0000026252f41d10 flushing nmethod 0x000002625d380310
Event: 4.069 Thread 0x0000026252f41d10 flushing nmethod 0x000002625d352690
Event: 4.398 Thread 0x000002627157d930 Thread added: 0x000002627157d930
Event: 4.407 Thread 0x000002627157fa00 Thread added: 0x000002627157fa00
Event: 4.931 Thread 0x000002627157cc10 Thread exited: 0x000002627157cc10


Dynamic libraries:
0x00007ff6ef3b0000 - 0x00007ff6ef3ca000 	C:\Users\rajat radouane\AppData\Local\Programs\Python\Python311\python.exe
0x00007ffb23f50000 - 0x00007ffb24148000 	C:\WINDOWS\SYSTEM32\ntdll.dll
0x00007ffb23ba0000 - 0x00007ffb23c5d000 	C:\WINDOWS\System32\KERNEL32.DLL
0x00007ffb21610000 - 0x00007ffb21906000 	C:\WINDOWS\System32\KERNELBASE.dll
0x00007ffb21910000 - 0x00007ffb21a10000 	C:\WINDOWS\System32\ucrtbase.dll
0x00007ffaf7b80000 - 0x00007ffaf7b9d000 	C:\Users\rajat radouane\AppData\Local\Programs\Python\Python311\VCRUNTIME140.dll
0x00007ffa87580000 - 0x00007ffa87b56000 	C:\Users\rajat radouane\AppData\Local\Programs\Python\Python311\python311.dll
0x00007ffb23180000 - 0x00007ffb231eb000 	C:\WINDOWS\System32\WS2_32.dll
0x00007ffb23300000 - 0x00007ffb23423000 	C:\WINDOWS\System32\RPCRT4.dll
0x00007ffb21a10000 - 0x00007ffb21a37000 	C:\WINDOWS\System32\bcrypt.dll
0x00007ffb14170000 - 0x00007ffb1417a000 	C:\WINDOWS\SYSTEM32\VERSION.dll
0x00007ffb23c60000 - 0x00007ffb23cfe000 	C:\WINDOWS\System32\msvcrt.dll
0x00007ffb22070000 - 0x00007ffb22120000 	C:\WINDOWS\System32\ADVAPI32.dll
0x00007ffb22da0000 - 0x00007ffb22e40000 	C:\WINDOWS\System32\sechost.dll
0x00007ffb21d00000 - 0x00007ffb21d82000 	C:\WINDOWS\System32\bcryptprimitives.dll
0x0000026250c10000 - 0x0000026250c1f000 	C:\Users\rajat radouane\AppData\Local\Programs\Python\Python311\python3.DLL
0x00007ffaf2b80000 - 0x00007ffaf2b95000 	C:\Users\rajat radouane\AppData\Local\Programs\Python\Python311\DLLs\_socket.pyd
0x00007ffb20960000 - 0x00007ffb2099b000 	C:\WINDOWS\SYSTEM32\IPHLPAPI.DLL
0x00007ffaf7b50000 - 0x00007ffaf7b59000 	C:\Users\rajat radouane\AppData\Local\Programs\Python\Python311\DLLs\select.pyd
0x00007ffaf2800000 - 0x00007ffaf282d000 	C:\Users\rajat radouane\AppData\Local\Programs\Python\Python311\DLLs\_ssl.pyd
0x00007ffb21d90000 - 0x00007ffb21eee000 	C:\WINDOWS\System32\CRYPT32.dll
0x00007ffabdc70000 - 0x00007ffabdd32000 	C:\Users\rajat radouane\AppData\Local\Programs\Python\Python311\DLLs\libssl-3.dll
0x00007ffa87080000 - 0x00007ffa87579000 	C:\Users\rajat radouane\AppData\Local\Programs\Python\Python311\DLLs\libcrypto-3.dll
0x00007ffb22f70000 - 0x00007ffb2310f000 	C:\WINDOWS\System32\USER32.dll
0x00007ffb21f60000 - 0x00007ffb21f82000 	C:\WINDOWS\System32\win32u.dll
0x00007ffb23e30000 - 0x00007ffb23e5b000 	C:\WINDOWS\System32\GDI32.dll
0x00007ffb21b90000 - 0x00007ffb21ca7000 	C:\WINDOWS\System32\gdi32full.dll
0x00007ffb21a40000 - 0x00007ffb21add000 	C:\WINDOWS\System32\msvcp_win.dll
0x00007ffb232d0000 - 0x00007ffb232ff000 	C:\WINDOWS\System32\IMM32.DLL
0x00007ffaf27e0000 - 0x00007ffaf27f1000 	C:\Users\rajat radouane\AppData\Local\Programs\Python\Python311\DLLs\_asyncio.pyd
0x00007ffaf2b70000 - 0x00007ffaf2b7e000 	C:\Users\rajat radouane\AppData\Local\Programs\Python\Python311\DLLs\_overlapped.pyd
0x00007ffb20c60000 - 0x00007ffb20cca000 	C:\WINDOWS\system32\mswsock.dll
0x00007ffaf27c0000 - 0x00007ffaf27d5000 	C:\Users\rajat radouane\AppData\Local\Programs\Python\Python311\DLLs\_bz2.pyd
0x00007ffad5fd0000 - 0x00007ffad5ff9000 	C:\Users\rajat radouane\AppData\Local\Programs\Python\Python311\DLLs\_lzma.pyd
0x00007ffaef360000 - 0x00007ffaef369000 	C:\Users\rajat radouane\AppData\Local\Programs\Python\Python311\DLLs\_queue.pyd
0x00007ffad0e00000 - 0x00007ffad0e11000 	C:\Users\rajat radouane\AppData\Local\Programs\Python\Python311\DLLs\_hashlib.pyd
0x00007ffad0de0000 - 0x00007ffad0dff000 	C:\Users\rajat radouane\AppData\Local\Programs\Python\Python311\DLLs\_ctypes.pyd
0x00007ffb22650000 - 0x00007ffb2277b000 	C:\WINDOWS\System32\ole32.dll
0x00007ffb221d0000 - 0x00007ffb22523000 	C:\WINDOWS\System32\combase.dll
0x00007ffaca990000 - 0x00007ffaca99b000 	C:\Users\rajat radouane\AppData\Local\Programs\Python\Python311\DLLs\libffi-8.dll
0x00007ffb22ea0000 - 0x00007ffb22f6d000 	C:\WINDOWS\System32\OLEAUT32.dll
0x00007ffabdc30000 - 0x00007ffabdc6f000 	C:\Users\rajat radouane\AppData\Local\Programs\Python\Python311\DLLs\_decimal.pyd
0x00007ffa86f60000 - 0x00007ffa87078000 	C:\Users\rajat radouane\AppData\Local\Programs\Python\Python311\DLLs\unicodedata.pyd
0x00007ffaca980000 - 0x00007ffaca98d000 	C:\Users\rajat radouane\AppData\Local\Programs\Python\Python311\DLLs\_zoneinfo.pyd
0x00007ffaca970000 - 0x00007ffaca977000 	C:\Users\rajat radouane\AppData\Local\Programs\Python\Python311\DLLs\_uuid.pyd
0x00007ffa93bf0000 - 0x00007ffa93c45000 	C:\Users\rajat radouane\flopedt\my_env_311\Lib\site-packages\MySQLdb\_mysql.cp311-win_amd64.pyd
0x00007ffb23dc0000 - 0x00007ffb23e15000 	C:\WINDOWS\System32\SHLWAPI.dll
0x00007ffb0b1d0000 - 0x00007ffb0b1d9000 	C:\WINDOWS\SYSTEM32\WSOCK32.dll
0x00007ffb07930000 - 0x00007ffb0793c000 	C:\WINDOWS\SYSTEM32\Secur32.dll
0x00007ffb214e0000 - 0x00007ffb21512000 	C:\WINDOWS\SYSTEM32\SSPICLI.DLL
0x00007ffaf5e40000 - 0x00007ffaf5e57000 	C:\WINDOWS\system32\napinsp.dll
0x00007ffaf5e20000 - 0x00007ffaf5e3b000 	C:\WINDOWS\system32\pnrpnsp.dll
0x00007ffb19ad0000 - 0x00007ffb19aed000 	C:\WINDOWS\system32\NLAapi.dll
0x00007ffaf5e00000 - 0x00007ffaf5e15000 	C:\WINDOWS\system32\wshbth.dll
0x00007ffb209a0000 - 0x00007ffb20a6a000 	C:\WINDOWS\SYSTEM32\DNSAPI.dll
0x00007ffb23110000 - 0x00007ffb23118000 	C:\WINDOWS\System32\NSI.dll
0x00007ffaf5de0000 - 0x00007ffaf5df2000 	C:\WINDOWS\System32\winrnr.dll
0x00007ffb0ca70000 - 0x00007ffb0ca7a000 	C:\Windows\System32\rasadhlp.dll
0x00007ffb1fde0000 - 0x00007ffb1fdf2000 	C:\WINDOWS\SYSTEM32\kernel.appcore.dll
0x00007ffb15c30000 - 0x00007ffb15ca6000 	C:\Users\rajat radouane\flopedt\my_env_311\Lib\site-packages\_jpype.cp311-win_amd64.pyd
0x00007ffb19c30000 - 0x00007ffb19c3c000 	C:\Users\rajat radouane\AppData\Local\Programs\Python\Python311\VCRUNTIME140_1.dll
0x00007ffb04ba0000 - 0x00007ffb04c2e000 	C:\WINDOWS\SYSTEM32\MSVCP140.dll
0x00007ffa72070000 - 0x00007ffa72df2000 	C:\Program Files\Eclipse Adoptium\jdk-21.0.3.9-hotspot\bin\server\jvm.dll
0x00007ffb21460000 - 0x00007ffb214ab000 	C:\WINDOWS\SYSTEM32\POWRPROF.dll
0x00007ffb03d00000 - 0x00007ffb03d27000 	C:\WINDOWS\SYSTEM32\WINMM.dll
0x00007ffb21440000 - 0x00007ffb21452000 	C:\WINDOWS\SYSTEM32\UMPDC.dll
0x00007ffb19c20000 - 0x00007ffb19c2a000 	C:\Program Files\Eclipse Adoptium\jdk-21.0.3.9-hotspot\bin\jimage.dll
0x00007ffb1bc30000 - 0x00007ffb1be14000 	C:\WINDOWS\SYSTEM32\DBGHELP.DLL
0x00007ffb02320000 - 0x00007ffb02354000 	C:\WINDOWS\SYSTEM32\dbgcore.DLL
0x00007ffb19b60000 - 0x00007ffb19b7f000 	C:\Program Files\Eclipse Adoptium\jdk-21.0.3.9-hotspot\bin\java.dll
0x00007ffb23430000 - 0x00007ffb23b9a000 	C:\WINDOWS\System32\SHELL32.dll
0x00007ffb1f630000 - 0x00007ffb1fdcd000 	C:\WINDOWS\SYSTEM32\windows.storage.dll
0x00007ffb20e80000 - 0x00007ffb20eae000 	C:\WINDOWS\SYSTEM32\Wldp.dll
0x00007ffb23e60000 - 0x00007ffb23f0d000 	C:\WINDOWS\System32\SHCORE.dll
0x00007ffb21540000 - 0x00007ffb21564000 	C:\WINDOWS\SYSTEM32\profapi.dll
0x00007ffaf89d0000 - 0x00007ffaf8aa7000 	C:\Program Files\Eclipse Adoptium\jdk-21.0.3.9-hotspot\bin\jsvml.dll
0x00007ffb19b50000 - 0x00007ffb19b60000 	C:\Program Files\Eclipse Adoptium\jdk-21.0.3.9-hotspot\bin\net.dll
0x00007ffb10400000 - 0x00007ffb1050a000 	C:\WINDOWS\SYSTEM32\WINHTTP.dll
0x00007ffb15df0000 - 0x00007ffb15e06000 	C:\Program Files\Eclipse Adoptium\jdk-21.0.3.9-hotspot\bin\nio.dll
0x00007ffb14600000 - 0x00007ffb14618000 	C:\Program Files\Eclipse Adoptium\jdk-21.0.3.9-hotspot\bin\zip.dll
0x00007ffb19b40000 - 0x00007ffb19b50000 	C:\Program Files\Eclipse Adoptium\jdk-21.0.3.9-hotspot\bin\verify.dll

dbghelp: loaded successfully - version: 4.0.5 - missing functions: none
symbol engine: initialized successfully - sym options: 0x614 - pdb path: .;C:\Users\rajat radouane\AppData\Local\Programs\Python\Python311;C:\WINDOWS\SYSTEM32;C:\Users\rajat radouane\AppData\Local\Programs\Python\Python311\DLLs;C:\Users\rajat radouane\flopedt\my_env_311\Lib\site-packages\MySQLdb;C:\Users\rajat radouane\flopedt\my_env_311\Lib\site-packages;C:\Program Files\Eclipse Adoptium\jdk-21.0.3.9-hotspot\bin\server;C:\Program Files\Eclipse Adoptium\jdk-21.0.3.9-hotspot\bin

VM Arguments:
jvm_args: -Dlogback.level.org.optaplanner=INFO 
java_command: <unknown>
java_class_path (initial): C:\Users\rajat radouane\flopedt\my_env_311\Lib\site-packages\optapy\jars\HdrHistogram-2.1.12.jar;C:\Users\rajat radouane\flopedt\my_env_311\Lib\site-packages\optapy\jars\LatencyUtils-2.0.3.jar;C:\Users\rajat radouane\flopedt\my_env_311\Lib\site-packages\optapy\jars\angus-activation-2.0.0.jar;C:\Users\rajat radouane\flopedt\my_env_311\Lib\site-packages\optapy\jars\antlr-runtime-3.5.2.jar;C:\Users\rajat radouane\flopedt\my_env_311\Lib\site-packages\optapy\jars\apiguardian-api-1.1.2.jar;C:\Users\rajat radouane\flopedt\my_env_311\Lib\site-packages\optapy\jars\asm-9.5.jar;C:\Users\rajat radouane\flopedt\my_env_311\Lib\site-packages\optapy\jars\asm-analysis-9.5.jar;C:\Users\rajat radouane\flopedt\my_env_311\Lib\site-packages\optapy\jars\asm-tree-9.5.jar;C:\Users\rajat radouane\flopedt\my_env_311\Lib\site-packages\optapy\jars\asm-util-9.5.jar;C:\Users\rajat radouane\flopedt\my_env_311\Lib\site-packages\optapy\jars\assertj-core-3.24.2.jar;C:\Users\rajat radouane\flopedt\my_env_311\Lib\site-packages\optapy\jars\byte-buddy-1.12.18.jar;C:\Users\rajat radouane\flopedt\my_env_311\Lib\site-packages\optapy\jars\byte-buddy-agent-1.14.1.jar;C:\Users\rajat radouane\flopedt\my_env_311\Lib\site-packages\optapy\jars\commons-codec-1.15.jar;C:\Users\rajat radouane\flopedt\my_env_311\Lib\site-packages\optapy\jars\commons-collections4-4.4.jar;C:\Users\rajat radouane\flopedt\my_env_311\Lib\site-packages\optapy\jars\commons-math3-3.6.1.jar;C:\Users\rajat radouane\flopedt\my_env_311\Lib\site-packages\optapy\jars\drools-alphanetwork-compiler-8.37.0.Final.jar;C:\Users\rajat radouane\flopedt\my_env_311\Lib\site-packages\optapy\jars\drools-canonical-model-8.37.0.Final.jar;C:\Users\rajat radouane\flopedt\my_env_311\Lib\site-packages\optapy\jars\drools-codegen-common-8.37.0.Final.jar;C:\Users\rajat radouane\flopedt\my_env_311\Lib\site-packages\optapy\jars\drools-commands-8.37.0.Final.jar;C:\Users\rajat radouane\flopedt\my_env_311\Lib\site-packages\optapy\jars\drools-compiler-8.37.0.Final.jar;C:\Users\rajat radouane\flopedt\my_env_311\Lib\site-packages\optapy\jars\drools-core-8.37.0.Final.jar;C:\Users\rajat radouane\flopedt\my_env_311\Lib\site-packages\optapy\jars\drools-drl-ast-8.37.0.Final.jar;C:\Users\rajat radouane\flopedt\my_env_311\Lib\site-packages\optapy\jars\drools-drl-extensions-8.37.0.Final.jar;C:\Users\rajat radouane\flopedt\my_env_311\Lib\site-packages\optapy\jars\drools-drl-parser-8.37.0.Final.jar;C:\Users\rajat radouane\flopedt\my_env_311\Lib\site-packages\optapy\jars\drools-ecj-8.37.0.Final.jar;C:\Users\rajat radouane\flopedt\my_env_311\Lib\site-packages\optapy\jars\drools-engine-8.37.0.Final.jar;C:\Users\rajat radouane\flopedt\my_env_311\Lib\site-packages\optapy\jars\drools-io-8.37.0.Final.jar;C:\Users\rajat radouane\flopedt\my_env_311\Lib\site-packages\optapy\jars\drools-kiesession-8.37.0.Final.jar;C:\Users\rajat radouane\flopedt\my_env_311\Lib\site-packages\optapy\jars\drools-model-codegen-8.37.0.Final.jar;C:\Users\rajat radouane\flopedt\my_env_311\Lib\site-packages\optapy\jars\drools-model-compiler-8.37.0.Final.jar;C:\Users\rajat radouane\flopedt\my_env_311\Lib\site-packages\optapy\jars\drools-mvel-compiler-8.37.0.Final.jar;C:\Users\rajat radouane\flopedt\my_env_311\Lib\site-packages\optapy\jars\drools-mvel-parser-8.37.0.Final.jar;C:\Users\rajat radouane\flopedt\my_env_311\Lib\site-packages\optapy\jars\drools-tms-8.37.0.Final.jar;C:\Users\rajat radouane\flopedt\my_env_311\Lib\site-packages\optapy\jars\drools-util-8.37.0.Final.jar;C:\Users\rajat radouane\flopedt\my_env_311\Lib\site-packages\optapy\jars\drools-wiring-api-8.37.0.Final.jar;C:\Users\rajat radouane\flopedt\my_env_311\Lib\site-packages\optapy\jars\drools-wiring-dynamic-8.37.0.Final.jar;C:\Users\rajat radouane\flopedt\my_env_311\Lib\site-packages\optapy\jars\drools-wiring-static-8.37.0.Final.jar;C:\Users\rajat radouane\flopedt\my_env_311\Lib\site-packages\optapy\jars\gizmo-1.6.1.Final.jar;C:\Users\rajat radouane\flopedt\my_env_311\Lib\site-packages\optapy\jars\istack-commons-runtime-4.1.1.jar;C:\Users\rajat radouane\flopedt\my_env_311\Lib\site-packages\optapy\jars\jakarta.activation-api-2.1.1.jar;C:\Users\rajat radouane\flopedt\my_env_311\Lib\site-packages\optapy\jars\jakarta.xml.bind-api-4.0.0.jar;C:\Users\rajat radouane\flopedt\my_env_311\Lib\site-packages\optapy\jars\jandex-3.0.5.jar;C:\Users\rajat radouane\flopedt\my_env_311\Lib\site-packages\optapy\jars\javaparser-core-3.25.1.jar;C:\Users\rajat radouane\flopedt\my_env_311\Lib\site-packages\optapy\jars\jaxb-core-4.0.2.jar;C:\Users\rajat radouane\flopedt\my_env_311\Lib\site-packages\optapy\jars\jaxb-runtime-4.0.2.jar;C:\Users\rajat radouane\flopedt\my_env_311\Lib\site-packages\optapy\jars\jpyinterpreter-9.37.0.Final.jar;C:\Users\rajat radouane\flopedt\my_env_311\Lib\site-packages\optapy\jars\junit-jupiter-api-5.9.2.jar;C:\Users\rajat radouane\flopedt\my_env_311\Lib\site-packages\optapy\jars\junit-jupiter-engine-5.9.2.jar;C:\Users\rajat radouane\flopedt\my_env_311\Lib\site-packages\optapy\jars\junit-jupiter-params-5.9.2.jar;C:\Users\rajat radouane\flopedt\my_env_311\Lib\site-packages\optapy\jars\junit-platform-commons-1.9.2.jar;C:\Users\rajat radouane\flopedt\my_env_311\Lib\site-packages\optapy\jars\junit-platform-engine-1.9.2.jar;C:\Users\rajat radouane\flopedt\my_env_311\Lib\site-packages\optapy\jars\kie-api-8.37.0.Final.jar;C:\Users\rajat radouane\flopedt\my_env_311\Lib\site-packages\optapy\jars\kie-internal-8.37.0.Final.jar;C:\Users\rajat radouane\flopedt\my_env_311\Lib\site-packages\optapy\jars\kie-memory-compiler-8.37.0.Final.jar;C:\Users\rajat radouane\flopedt\my_env_311\Lib\site-packages\optapy\jars\kie-util-maven-support-8.37.0.Final.jar;C:\Users\rajat radouane\flopedt\my_env_311\Lib\site-packages\optapy\jars\kie-util-xml-8.37.0.Final.jar;C:\Users\rajat radouane\flopedt\my_env_311\Lib\site-packages\optapy\jars\logback-classic-1.4.6.jar;C:\Users\rajat radouane\flopedt\my_env_311\Lib\site-packages\optapy\jars\logback-core-1.4.6.jar;C:\Users\rajat radouane\flopedt\my_env_311\Lib\site-packages\optapy\jars\micrometer-commons-1.10.5.jar;C:\Users\rajat radouane\flopedt\my_env_311\Lib\site-packages\optapy\jars\micrometer-core-1.10.5.jar;C:\Users\rajat radouane\flopedt\my_env_311\Lib\site-packages\optapy\jars\micrometer-observation-1.10.5.jar;C:\Users\rajat radouane\flopedt\my_env_311\Lib\site-packages\optapy\jars\microprofile-config-api-3.0.2.jar;C:\Users\rajat radouane\flopedt\my_env_311\Lib\site-packages\optapy\jars\mockito-core-5.2.0.jar;C:\Users\rajat radouane\flopedt\my_env_311\Lib\site-packages\optapy\jars\objenesis-3.3.jar;C:\Users\rajat radouane\flopedt\my_env_311\Lib\site-packages\optapy\jars\opentest4j-1.2.0.jar;C:\Users\rajat radouane\flopedt\my_env_311\Lib\site-packages\optapy\jars\optaplanner-constraint-drl-9.37.0.Final.jar;C:\Users\rajat radouane\flopedt\my_env_311\Lib\site-packages\optapy\jars\optaplanner-constraint-streams-bavet-9.37.0.Final.jar;C:\Users\rajat radouane\flopedt\my_env_311\Lib\site-packages\optapy\jars\optaplanner-constraint-streams-common-9.37.0.Final.jar;C:\Users\rajat radouane\flopedt\my_env_311\Lib\site-packages\optapy\jars\optaplanner-constraint-streams-drools-9.37.0.Final.jar;C:\Users\rajat radouane\flopedt\my_env_311\Lib\site-packages\optapy\jars\optaplanner-core-9.37.0.Final.jar;C:\Users\rajat radouane\flopedt\my_env_311\Lib\site-packages\optapy\jars\optaplanner-core-impl-9.37.0.Final.jar;C:\Users\rajat radouane\flopedt\my_env_311\Lib\site-packages\optapy\jars\optaplanner-test-9.37.0.Final.jar;C:\Users\rajat radouane\flopedt\my_env_311\Lib\site-packages\optapy\jars\optapy-9.37.0.Final-sources.jar;C:\Users\rajat radouane\flopedt\my_env_311\Lib\site-packages\optapy\jars\optapy-9.37.0.Final-tests.jar;C:\Users\rajat radouane\flopedt\my_env_311\Lib\site-packages\optapy\jars\optapy-9.37.0.Final.jar;C:\Users\rajat radouane\flopedt\my_env_311\Lib\site-packages\optapy\jars\slf4j-api-2.0.6.jar;C:\Users\rajat radouane\flopedt\my_env_311\Lib\site-packages\optapy\jars\txw2-4.0.2.jar
Launcher Type: generic

[Global flags]
     intx CICompilerCount                          = 3                                         {product} {ergonomic}
     uint ConcGCThreads                            = 1                                         {product} {ergonomic}
     uint G1ConcRefinementThreads                  = 4                                         {product} {ergonomic}
   size_t G1HeapRegionSize                         = 1048576                                   {product} {ergonomic}
    uintx GCDrainStackTargetSize                   = 64                                        {product} {ergonomic}
   size_t InitialHeapSize                          = 134217728                                 {product} {ergonomic}
   size_t MarkStackSize                            = 4194304                                   {product} {ergonomic}
   size_t MaxHeapSize                              = 2118123520                                {product} {ergonomic}
   size_t MaxNewSize                               = 1270874112                                {product} {ergonomic}
   size_t MinHeapDeltaBytes                        = 1048576                                   {product} {ergonomic}
   size_t MinHeapSize                              = 8388608                                   {product} {ergonomic}
    uintx NonNMethodCodeHeapSize                   = 5832780                                {pd product} {ergonomic}
    uintx NonProfiledCodeHeapSize                  = 122912730                              {pd product} {ergonomic}
    uintx ProfiledCodeHeapSize                     = 122912730                              {pd product} {ergonomic}
    uintx ReservedCodeCacheSize                    = 251658240                              {pd product} {ergonomic}
     bool SegmentedCodeCache                       = true                                      {product} {ergonomic}
   size_t SoftMaxHeapSize                          = 2118123520                             {manageable} {ergonomic}
     bool UseCompressedOops                        = true                           {product lp64_product} {ergonomic}
     bool UseG1GC                                  = true                                      {product} {ergonomic}
     bool UseLargePagesIndividualAllocation        = false                                  {pd product} {ergonomic}

Logging:
Log output configuration:
 #0: stdout all=warning uptime,level,tags foldmultilines=false
 #1: stderr all=off uptime,level,tags foldmultilines=false

Environment Variables:
JAVA_HOME=C:\Program Files\Eclipse Adoptium\jdk-21.0.3.9-hotspot\
CLASSPATH=.;C:\Program Files (x86)\Java\jre6\lib\ext\QTJava.zip
PATH=C:\Users\rajat radouane\flopedt\my_env_311\Scripts;C:\Program Files\Eclipse Adoptium\jdk-21.0.3.9-hotspot\bin;C:\Windows\System32;C:\Program Files\MySQL\MySQL Server 8.0\bin;C:\Program Files\php-8.2.18;C:\ProgramData\ComposerSetup\bin;C:\Users\rajat radouane\AppData\Local\Programs\Python\Python312\;C:\Users\rajat radouane\AppData\Local\Programs\Python\Python312\Scripts\;C:\Users\rajat radouane\AppData\Local\Programs\Python\Launcher\;C:\Users\rajat radouane\AppData\Local\Programs\Python\Python311\Scripts\;C:\Users\rajat radouane\AppData\Local\Programs\Python\Python311\;C:\Program Files\MySQL\MySQL Shell 8.0\bin\;C:\Users\rajat radouane\AppData\Local\Programs\Python\Python312\Scripts\;C:\Users\rajat radouane\AppData\Local\Programs\Python\Python312\;C:\Users\rajat radouane\AppData\Local\Programs\Python\Launcher\;C:\Users\rajat radouane\AppData\Local\Microsoft\WindowsApps;C:\Users\rajat radouane\AppData\Local\Programs\Microsoft VS Code\bin;C:\MinGW\bin;C:\Users\rajat radouane\AppData\Roaming\Composer\vendor\bin;
USERNAME=rajat radouane
OS=Windows_NT
PROCESSOR_IDENTIFIER=Intel64 Family 6 Model 78 Stepping 3, GenuineIntel
TMP=C:\Users\RAJATR~1\AppData\Local\Temp
TEMP=C:\Users\RAJATR~1\AppData\Local\Temp




Periodic native trim disabled

---------------  S Y S T E M  ---------------

OS:
 Windows 10 , 64 bit Build 19041 (10.0.19041.3636)
OS uptime: 0 days 1:37 hours
Hyper-V role detected

CPU: total 4 (initial active 4) (2 cores per cpu, 2 threads per core) family 6 model 78 stepping 3 microcode 0xcc, cx8, cmov, fxsr, ht, mmx, 3dnowpref, sse, sse2, sse3, ssse3, sse4.1, sse4.2, popcnt, lzcnt, tsc, tscinvbit, avx, avx2, aes, erms, clmul, bmi1, bmi2, rtm, adx, fma, vzeroupper, clflush, clflushopt, hv, rdtscp, f16c
Processor Information for all 4 processors :
  Max Mhz: 2496, Current Mhz: 2496, Mhz Limit: 2496

Memory: 4k page, system-wide physical 8072M (1970M free)
TotalPageFile size 12072M (AvailPageFile size 3144M)
current process WorkingSet (physical memory assigned to process): 223M, peak: 231M
current process commit charge ("private bytes"): 252M, peak: 276M

vm_info: OpenJDK 64-Bit Server VM (21.0.3+9-LTS) for windows-amd64 JRE (21.0.3+9-LTS), built on 2024-04-16T00:00:00Z by "admin" with MS VC++ 17.7 (VS2022)

END.
